1567245770.899056 client started (2357): version 2.6, socket /tmp/tmux-1000/default, protocol 8
1567245770.899597 on Linux 4.15.0-58-generic #64-Ubuntu SMP Tue Aug 6 11:12:41 UTC 2019; libevent 2.1.8-stable (poll)
1567245770.899868 socket is /tmp/tmux-1000/default
1567245770.900138 trying connect
1567245770.900470 connect failed: No such file or directory
1567245770.900739 lock file is /tmp/tmux-1000/default.lock
1567245770.901020 flock succeeded
1567245770.901264 got lock (6)
1567245770.901524 trying connect
1567245770.901651 connect failed: No such file or directory
1567245770.902085 add peer 0x56214a7d1da0: 7 ((nil))
1567245770.902348 sending message 100 to peer 0x56214a7d1da0 (4 bytes)
1567245770.902462 sending message 101 to peer 0x56214a7d1da0 (15 bytes)
1567245770.902696 sending message 102 to peer 0x56214a7d1da0 (11 bytes)
1567245770.902874 sending message 108 to peer 0x56214a7d1da0 (16 bytes)
1567245770.903228 sending message 104 to peer 0x56214a7d1da0 (0 bytes)
1567245770.903385 sending message 107 to peer 0x56214a7d1da0 (4 bytes)
1567245770.903542 sending message 105 to peer 0x56214a7d1da0 (19 bytes)
1567245770.903639 sending message 105 to peer 0x56214a7d1da0 (1516 bytes)
1567245770.904613 sending message 105 to peer 0x56214a7d1da0 (43 bytes)
1567245770.905045 sending message 105 to peer 0x56214a7d1da0 (34 bytes)
1567245770.905331 sending message 105 to peer 0x56214a7d1da0 (17 bytes)
1567245770.905398 sending message 105 to peer 0x56214a7d1da0 (17 bytes)
1567245770.905462 sending message 105 to peer 0x56214a7d1da0 (13 bytes)
1567245770.905523 sending message 105 to peer 0x56214a7d1da0 (20 bytes)
1567245770.905585 sending message 105 to peer 0x56214a7d1da0 (19 bytes)
1567245770.905645 sending message 105 to peer 0x56214a7d1da0 (29 bytes)
1567245770.905705 sending message 105 to peer 0x56214a7d1da0 (65 bytes)
1567245770.905766 sending message 105 to peer 0x56214a7d1da0 (19 bytes)
1567245770.905826 sending message 105 to peer 0x56214a7d1da0 (23 bytes)
1567245770.905886 sending message 105 to peer 0x56214a7d1da0 (20 bytes)
1567245770.905946 sending message 105 to peer 0x56214a7d1da0 (16 bytes)
1567245770.906006 sending message 105 to peer 0x56214a7d1da0 (8 bytes)
1567245770.906067 sending message 105 to peer 0x56214a7d1da0 (21 bytes)
1567245770.906161 sending message 105 to peer 0x56214a7d1da0 (16 bytes)
1567245770.906344 sending message 105 to peer 0x56214a7d1da0 (31 bytes)
1567245770.906640 sending message 105 to peer 0x56214a7d1da0 (104 bytes)
1567245770.906939 sending message 105 to peer 0x56214a7d1da0 (32 bytes)
1567245770.907239 sending message 105 to peer 0x56214a7d1da0 (25 bytes)
1567245770.907563 sending message 105 to peer 0x56214a7d1da0 (16 bytes)
1567245770.907922 sending message 105 to peer 0x56214a7d1da0 (16 bytes)
1567245770.908212 sending message 106 to peer 0x56214a7d1da0 (0 bytes)
1567245770.908447 sending message 200 to peer 0x56214a7d1da0 (4 bytes)
1567245770.908760 client loop enter
1567245771.094319 peer 0x56214a7d1da0 message 207
1567245771.094452 sending message 208 to peer 0x56214a7d1da0 (0 bytes)
1567245774.696281 peer 0x56214a7d1da0 message 203
1567245774.696429 sending message 205 to peer 0x56214a7d1da0 (0 bytes)
1567245774.699395 peer 0x56214a7d1da0 message 204
1567245774.699662 client loop exit
