1567246259.193398 client started (98587): version 2.9a, socket /private/tmp/tmux-501/default, protocol 8
1567246259.193470 on Darwin 18.6.0 Darwin Kernel Version 18.6.0: Thu Apr 25 23:16:27 PDT 2019; root:xnu-4903.261.4~2/RELEASE_X86_64; libevent 2.1.11-stable (select)
1567246259.193523 socket is /private/tmp/tmux-501/default
1567246259.193550 trying connect
1567246259.193670 add peer 0x100b97000: 6 (0x0)
1567246259.195314 sending message 100 to peer 0x100b97000 (4 bytes)
1567246259.195349 sending message 101 to peer 0x100b97000 (15 bytes)
1567246259.195361 sending message 102 to peer 0x100b97000 (13 bytes)
1567246259.195370 sending message 108 to peer 0x100b97000 (59 bytes)
1567246259.195391 sending message 104 to peer 0x100b97000 (0 bytes)
1567246259.195400 sending message 107 to peer 0x100b97000 (4 bytes)
1567246259.195409 sending message 105 to peer 0x100b97000 (28 bytes)
1567246259.195419 sending message 105 to peer 0x100b97000 (20 bytes)
1567246259.195433 sending message 105 to peer 0x100b97000 (16 bytes)
1567246259.195446 sending message 105 to peer 0x100b97000 (57 bytes)
1567246259.195458 sending message 105 to peer 0x100b97000 (76 bytes)
1567246259.195468 sending message 105 to peer 0x100b97000 (27 bytes)
1567246259.195477 sending message 105 to peer 0x100b97000 (53 bytes)
1567246259.195486 sending message 105 to peer 0x100b97000 (17 bytes)
1567246259.195495 sending message 105 to peer 0x100b97000 (66 bytes)
1567246259.195504 sending message 105 to peer 0x100b97000 (112 bytes)
1567246259.195513 sending message 105 to peer 0x100b97000 (63 bytes)
1567246259.195522 sending message 105 to peer 0x100b97000 (17 bytes)
1567246259.195531 sending message 105 to peer 0x100b97000 (14 bytes)
1567246259.195540 sending message 105 to peer 0x100b97000 (45 bytes)
1567246259.195549 sending message 105 to peer 0x100b97000 (17 bytes)
1567246259.195558 sending message 105 to peer 0x100b97000 (19 bytes)
1567246259.195567 sending message 105 to peer 0x100b97000 (24 bytes)
1567246259.195576 sending message 105 to peer 0x100b97000 (8 bytes)
1567246259.195584 sending message 105 to peer 0x100b97000 (20 bytes)
1567246259.195593 sending message 105 to peer 0x100b97000 (22 bytes)
1567246259.195602 sending message 105 to peer 0x100b97000 (59 bytes)
1567246259.195612 sending message 106 to peer 0x100b97000 (0 bytes)
1567246259.195625 sending message 200 to peer 0x100b97000 (4 bytes)
1567246259.195635 client loop enter
1567246259.198648 peer 0x100b97000 message 207
1567246259.198686 sending message 208 to peer 0x100b97000 (0 bytes)
1567246274.060606 peer 0x100b97000 message 203
1567246274.060663 sending message 205 to peer 0x100b97000 (0 bytes)
1567246274.060996 peer 0x100b97000 message 204
1567246274.061026 client loop exit
