1567246179.326901 client started (86272): version 2.9a, socket /private/tmp/tmux-501/default, protocol 8
1567246179.327003 on Darwin 18.6.0 Darwin Kernel Version 18.6.0: Thu Apr 25 23:16:27 PDT 2019; root:xnu-4903.261.4~2/RELEASE_X86_64; libevent 2.1.11-stable (select)
1567246179.327064 socket is /private/tmp/tmux-501/default
1567246179.327093 trying connect
1567246179.327203 add peer 0x10536b000: 6 (0x0)
1567246179.328703 sending message 100 to peer 0x10536b000 (4 bytes)
1567246179.328728 sending message 101 to peer 0x10536b000 (15 bytes)
1567246179.328738 sending message 102 to peer 0x10536b000 (13 bytes)
1567246179.328747 sending message 108 to peer 0x10536b000 (59 bytes)
1567246179.328767 sending message 104 to peer 0x10536b000 (0 bytes)
1567246179.328777 sending message 107 to peer 0x10536b000 (4 bytes)
1567246179.328786 sending message 105 to peer 0x10536b000 (28 bytes)
1567246179.328795 sending message 105 to peer 0x10536b000 (20 bytes)
1567246179.328804 sending message 105 to peer 0x10536b000 (16 bytes)
1567246179.328813 sending message 105 to peer 0x10536b000 (57 bytes)
1567246179.328821 sending message 105 to peer 0x10536b000 (76 bytes)
1567246179.328830 sending message 105 to peer 0x10536b000 (27 bytes)
1567246179.328839 sending message 105 to peer 0x10536b000 (53 bytes)
1567246179.328851 sending message 105 to peer 0x10536b000 (17 bytes)
1567246179.328861 sending message 105 to peer 0x10536b000 (66 bytes)
1567246179.328870 sending message 105 to peer 0x10536b000 (112 bytes)
1567246179.328879 sending message 105 to peer 0x10536b000 (63 bytes)
1567246179.328887 sending message 105 to peer 0x10536b000 (17 bytes)
1567246179.328896 sending message 105 to peer 0x10536b000 (14 bytes)
1567246179.328905 sending message 105 to peer 0x10536b000 (45 bytes)
1567246179.328914 sending message 105 to peer 0x10536b000 (17 bytes)
1567246179.328923 sending message 105 to peer 0x10536b000 (19 bytes)
1567246179.328931 sending message 105 to peer 0x10536b000 (24 bytes)
1567246179.328940 sending message 105 to peer 0x10536b000 (8 bytes)
1567246179.328949 sending message 105 to peer 0x10536b000 (20 bytes)
1567246179.328958 sending message 105 to peer 0x10536b000 (22 bytes)
1567246179.328967 sending message 105 to peer 0x10536b000 (59 bytes)
1567246179.328975 sending message 106 to peer 0x10536b000 (0 bytes)
1567246179.328988 sending message 200 to peer 0x10536b000 (4 bytes)
1567246179.328997 client loop enter
1567246179.334912 peer 0x10536b000 message 207
1567246179.334955 sending message 208 to peer 0x10536b000 (0 bytes)
1567246181.682846 peer 0x10536b000 message 203
1567246181.682897 sending message 205 to peer 0x10536b000 (0 bytes)
1567246181.683172 peer 0x10536b000 message 204
1567246181.683203 client loop exit
