1567246111.492317 client started (86226): version 2.9a, socket /private/tmp/tmux-501/default, protocol 8
1567246111.492381 on Darwin 18.6.0 Darwin Kernel Version 18.6.0: Thu Apr 25 23:16:27 PDT 2019; root:xnu-4903.261.4~2/RELEASE_X86_64; libevent 2.1.11-stable (select)
1567246111.492439 socket is /private/tmp/tmux-501/default
1567246111.492466 trying connect
1567246111.492589 add peer 0x103c42000: 6 (0x0)
1567246111.493983 sending message 100 to peer 0x103c42000 (4 bytes)
1567246111.494011 sending message 101 to peer 0x103c42000 (7 bytes)
1567246111.494022 sending message 102 to peer 0x103c42000 (13 bytes)
1567246111.494032 sending message 108 to peer 0x103c42000 (59 bytes)
1567246111.494052 sending message 104 to peer 0x103c42000 (0 bytes)
1567246111.494061 sending message 107 to peer 0x103c42000 (4 bytes)
1567246111.494071 sending message 105 to peer 0x103c42000 (28 bytes)
1567246111.494080 sending message 105 to peer 0x103c42000 (12 bytes)
1567246111.494089 sending message 105 to peer 0x103c42000 (16 bytes)
1567246111.494098 sending message 105 to peer 0x103c42000 (57 bytes)
1567246111.494107 sending message 105 to peer 0x103c42000 (76 bytes)
1567246111.494116 sending message 105 to peer 0x103c42000 (27 bytes)
1567246111.494125 sending message 105 to peer 0x103c42000 (53 bytes)
1567246111.494134 sending message 105 to peer 0x103c42000 (17 bytes)
1567246111.494143 sending message 105 to peer 0x103c42000 (66 bytes)
1567246111.494152 sending message 105 to peer 0x103c42000 (43 bytes)
1567246111.494161 sending message 105 to peer 0x103c42000 (174 bytes)
1567246111.494171 sending message 105 to peer 0x103c42000 (63 bytes)
1567246111.494180 sending message 105 to peer 0x103c42000 (17 bytes)
1567246111.494189 sending message 105 to peer 0x103c42000 (14 bytes)
1567246111.494198 sending message 105 to peer 0x103c42000 (14 bytes)
1567246111.494207 sending message 105 to peer 0x103c42000 (45 bytes)
1567246111.494216 sending message 105 to peer 0x103c42000 (17 bytes)
1567246111.494225 sending message 105 to peer 0x103c42000 (19 bytes)
1567246111.494234 sending message 105 to peer 0x103c42000 (8 bytes)
1567246111.494243 sending message 105 to peer 0x103c42000 (24 bytes)
1567246111.494252 sending message 105 to peer 0x103c42000 (20 bytes)
1567246111.494261 sending message 105 to peer 0x103c42000 (22 bytes)
1567246111.494270 sending message 106 to peer 0x103c42000 (0 bytes)
1567246111.494283 sending message 200 to peer 0x103c42000 (4 bytes)
1567246111.494293 client loop enter
1567246111.494561 peer 0x103c42000 message 211
1567246111.494584 client_write: sessions should be nested with care, unset $TMUX to force\n
1567246111.494610 peer 0x103c42000 message 203
1567246111.494626 client loop exit
