  [1m[35m (0.1ms)[0m  [1m[34mSELECT sqlite_version(*)[0m
  ↳ bin/rails:9
  [1m[35m (15.2ms)[0m  [1m[35mCREATE TABLE "schema_migrations" ("version" varchar NOT NULL PRIMARY KEY)[0m
  ↳ bin/rails:9
  [1m[35m (17.8ms)[0m  [1m[35mCREATE TABLE "ar_internal_metadata" ("key" varchar NOT NULL PRIMARY KEY, "value" varchar, "created_at" datetime NOT NULL, "updated_at" datetime NOT NULL)[0m
  ↳ bin/rails:9
  [1m[35m (4.0ms)[0m  [1m[34mSELECT "schema_migrations"."version" FROM "schema_migrations" ORDER BY "schema_migrations"."version" ASC[0m
  ↳ bin/rails:9
Migrating to DeviseCreateUsers (20190818035930)
  [1m[35m (0.1ms)[0m  [1m[36mbegin transaction[0m
  ↳ bin/rails:9
  [1m[35m (10.4ms)[0m  [1m[35mCREATE TABLE "users" ("id" integer PRIMARY KEY AUTOINCREMENT NOT NULL, "email" varchar DEFAULT '' NOT NULL, "encrypted_password" varchar DEFAULT '' NOT NULL, "reset_password_token" varchar, "reset_password_sent_at" datetime, "remember_created_at" datetime, "sign_in_count" integer DEFAULT 0 NOT NULL, "current_sign_in_at" datetime, "last_sign_in_at" datetime, "current_sign_in_ip" varchar, "last_sign_in_ip" varchar, "family_name" varchar, "first_name" varchar, "kana_family_name" varchar, "kana_first_name" varchar, "postcode" varchar, "address" varchar, "telephone" varchar, "deleted" varchar, "created_at" datetime NOT NULL, "updated_at" datetime NOT NULL)[0m
  ↳ db/migrate/20190818035930_devise_create_users.rb:5
  [1m[35m (0.3ms)[0m  [1m[35mCREATE UNIQUE INDEX "index_users_on_email" ON "users" ("email")[0m
  ↳ db/migrate/20190818035930_devise_create_users.rb:48
  [1m[35m (0.3ms)[0m  [1m[35mCREATE UNIQUE INDEX "index_users_on_reset_password_token" ON "users" ("reset_password_token")[0m
  ↳ db/migrate/20190818035930_devise_create_users.rb:49
  [1m[36mActiveRecord::SchemaMigration Create (2.1ms)[0m  [1m[32mINSERT INTO "schema_migrations" ("version") VALUES (?)[0m  [["version", "20190818035930"]]
  ↳ bin/rails:9
  [1m[35m (9.0ms)[0m  [1m[36mcommit transaction[0m
  ↳ bin/rails:9
  [1m[36mActiveRecord::InternalMetadata Load (2.8ms)[0m  [1m[34mSELECT  "ar_internal_metadata".* FROM "ar_internal_metadata" WHERE "ar_internal_metadata"."key" = ? LIMIT ?[0m  [["key", "environment"], ["LIMIT", 1]]
  ↳ bin/rails:9
  [1m[35m (0.1ms)[0m  [1m[36mbegin transaction[0m
  ↳ bin/rails:9
  [1m[36mActiveRecord::InternalMetadata Create (11.5ms)[0m  [1m[32mINSERT INTO "ar_internal_metadata" ("key", "value", "created_at", "updated_at") VALUES (?, ?, ?, ?)[0m  [["key", "environment"], ["value", "development"], ["created_at", "2019-08-18 04:09:14.693151"], ["updated_at", "2019-08-18 04:09:14.693151"]]
  ↳ bin/rails:9
  [1m[35m (9.2ms)[0m  [1m[36mcommit transaction[0m
  ↳ bin/rails:9
  [1m[35m (2.9ms)[0m  [1m[34mSELECT "schema_migrations"."version" FROM "schema_migrations" ORDER BY "schema_migrations"."version" ASC[0m
  ↳ bin/rails:9
  [1m[35m (2.9ms)[0m  [1m[34mSELECT "schema_migrations"."version" FROM "schema_migrations" ORDER BY "schema_migrations"."version" ASC[0m
  ↳ bin/rails:9
Migrating to CreateShippingAddresses (20190818041459)
  [1m[35m (0.1ms)[0m  [1m[36mbegin transaction[0m
  ↳ bin/rails:9
  [1m[35m (0.1ms)[0m  [1m[34mSELECT sqlite_version(*)[0m
  ↳ db/migrate/20190818041459_create_shipping_addresses.rb:3
  [1m[35m (16.9ms)[0m  [1m[35mCREATE TABLE "shipping_addresses" ("id" integer PRIMARY KEY AUTOINCREMENT NOT NULL, "user_id" integer, "postcode" varchar, "address" varchar)[0m
  ↳ db/migrate/20190818041459_create_shipping_addresses.rb:3
  [1m[36mActiveRecord::SchemaMigration Create (2.1ms)[0m  [1m[32mINSERT INTO "schema_migrations" ("version") VALUES (?)[0m  [["version", "20190818041459"]]
  ↳ bin/rails:9
  [1m[35m (8.5ms)[0m  [1m[36mcommit transaction[0m
  ↳ bin/rails:9
  [1m[36mActiveRecord::InternalMetadata Load (3.6ms)[0m  [1m[34mSELECT  "ar_internal_metadata".* FROM "ar_internal_metadata" WHERE "ar_internal_metadata"."key" = ? LIMIT ?[0m  [["key", "environment"], ["LIMIT", 1]]
  ↳ bin/rails:9
  [1m[35m (0.1ms)[0m  [1m[36mbegin transaction[0m
  ↳ bin/rails:9
  [1m[35m (0.1ms)[0m  [1m[36mcommit transaction[0m
  ↳ bin/rails:9
  [1m[35m (5.0ms)[0m  [1m[34mSELECT "schema_migrations"."version" FROM "schema_migrations" ORDER BY "schema_migrations"."version" ASC[0m
  ↳ bin/rails:9
  [1m[35m (2.9ms)[0m  [1m[34mSELECT "schema_migrations"."version" FROM "schema_migrations" ORDER BY "schema_migrations"."version" ASC[0m
  ↳ bin/rails:9
  [1m[36mActiveRecord::InternalMetadata Load (6.1ms)[0m  [1m[34mSELECT  "ar_internal_metadata".* FROM "ar_internal_metadata" WHERE "ar_internal_metadata"."key" = ? LIMIT ?[0m  [["key", "environment"], ["LIMIT", 1]]
  ↳ bin/rails:9
  [1m[35m (0.1ms)[0m  [1m[36mbegin transaction[0m
  ↳ bin/rails:9
  [1m[35m (0.1ms)[0m  [1m[36mcommit transaction[0m
  ↳ bin/rails:9
  [1m[35m (2.9ms)[0m  [1m[34mSELECT "schema_migrations"."version" FROM "schema_migrations" ORDER BY "schema_migrations"."version" ASC[0m
  ↳ bin/rails:9
  [1m[35m (2.5ms)[0m  [1m[34mSELECT "schema_migrations"."version" FROM "schema_migrations" ORDER BY "schema_migrations"."version" ASC[0m
  ↳ bin/rails:9
  [1m[35m (2.0ms)[0m  [1m[34mSELECT "schema_migrations"."version" FROM "schema_migrations" ORDER BY "schema_migrations"."version" ASC[0m
  ↳ bin/rails:9
  [1m[35m (2.1ms)[0m  [1m[34mSELECT "schema_migrations"."version" FROM "schema_migrations" ORDER BY "schema_migrations"."version" ASC[0m
  ↳ bin/rails:9
  [1m[35m (2.2ms)[0m  [1m[34mSELECT "schema_migrations"."version" FROM "schema_migrations" ORDER BY "schema_migrations"."version" ASC[0m
  ↳ bin/rails:9
Migrating to CreateShippingAddresses (20190818041459)
  [1m[35m (0.1ms)[0m  [1m[36mbegin transaction[0m
  ↳ bin/rails:9
  [1m[35m (11.6ms)[0m  [1m[35mDROP TABLE "shipping_addresses"[0m
  ↳ bin/rails:9
  [1m[36mActiveRecord::SchemaMigration Destroy (1.3ms)[0m  [1m[31mDELETE FROM "schema_migrations" WHERE "schema_migrations"."version" = ?[0m  [["version", "20190818041459"]]
  ↳ bin/rails:9
  [1m[35m (8.3ms)[0m  [1m[36mcommit transaction[0m
  ↳ bin/rails:9
  [1m[35m (5.2ms)[0m  [1m[34mSELECT "schema_migrations"."version" FROM "schema_migrations" ORDER BY "schema_migrations"."version" ASC[0m
  ↳ bin/rails:9
  [1m[35m (2.6ms)[0m  [1m[34mSELECT "schema_migrations"."version" FROM "schema_migrations" ORDER BY "schema_migrations"."version" ASC[0m
  ↳ bin/rails:9
Migrating to CreateShippingAddresses (20190818042130)
  [1m[35m (0.1ms)[0m  [1m[36mbegin transaction[0m
  ↳ bin/rails:9
  [1m[35m (0.3ms)[0m  [1m[34mSELECT sqlite_version(*)[0m
  ↳ db/migrate/20190818042130_create_shipping_addresses.rb:3
  [1m[35m (10.9ms)[0m  [1m[35mCREATE TABLE "shipping_addresses" ("id" integer PRIMARY KEY AUTOINCREMENT NOT NULL, "user_id" integer, "postcode" varchar, "address" varchar, "created_at" datetime NOT NULL, "updated_at" datetime NOT NULL)[0m
  ↳ db/migrate/20190818042130_create_shipping_addresses.rb:3
  [1m[36mActiveRecord::SchemaMigration Create (2.2ms)[0m  [1m[32mINSERT INTO "schema_migrations" ("version") VALUES (?)[0m  [["version", "20190818042130"]]
  ↳ bin/rails:9
  [1m[35m (8.8ms)[0m  [1m[36mcommit transaction[0m
  ↳ bin/rails:9
  [1m[36mActiveRecord::InternalMetadata Load (3.4ms)[0m  [1m[34mSELECT  "ar_internal_metadata".* FROM "ar_internal_metadata" WHERE "ar_internal_metadata"."key" = ? LIMIT ?[0m  [["key", "environment"], ["LIMIT", 1]]
  ↳ bin/rails:9
  [1m[35m (0.1ms)[0m  [1m[36mbegin transaction[0m
  ↳ bin/rails:9
  [1m[35m (0.1ms)[0m  [1m[36mcommit transaction[0m
  ↳ bin/rails:9
  [1m[35m (5.0ms)[0m  [1m[34mSELECT "schema_migrations"."version" FROM "schema_migrations" ORDER BY "schema_migrations"."version" ASC[0m
  ↳ bin/rails:9
  [1m[35m (2.2ms)[0m  [1m[34mSELECT "schema_migrations"."version" FROM "schema_migrations" ORDER BY "schema_migrations"."version" ASC[0m
  ↳ bin/rails:9
Migrating to CreateSalesHistories (20190818042512)
  [1m[35m (0.2ms)[0m  [1m[36mbegin transaction[0m
  ↳ bin/rails:9
  [1m[35m (0.2ms)[0m  [1m[34mSELECT sqlite_version(*)[0m
  ↳ db/migrate/20190818042512_create_sales_histories.rb:3
  [1m[35m (14.6ms)[0m  [1m[35mCREATE TABLE "sales_histories" ("id" integer PRIMARY KEY AUTOINCREMENT NOT NULL, "shipping_address_id" integer, "order_id" integer, "total" integer, "deleted" varchar, "status" integer(1) DEFAULT 0 NOT NULL, "created_at" datetime NOT NULL, "updated_at" datetime NOT NULL)[0m
  ↳ db/migrate/20190818042512_create_sales_histories.rb:3
  [1m[36mActiveRecord::SchemaMigration Create (1.0ms)[0m  [1m[32mINSERT INTO "schema_migrations" ("version") VALUES (?)[0m  [["version", "20190818042512"]]
  ↳ bin/rails:9
  [1m[35m (8.5ms)[0m  [1m[36mcommit transaction[0m
  ↳ bin/rails:9
  [1m[36mActiveRecord::InternalMetadata Load (2.6ms)[0m  [1m[34mSELECT  "ar_internal_metadata".* FROM "ar_internal_metadata" WHERE "ar_internal_metadata"."key" = ? LIMIT ?[0m  [["key", "environment"], ["LIMIT", 1]]
  ↳ bin/rails:9
  [1m[35m (0.1ms)[0m  [1m[36mbegin transaction[0m
  ↳ bin/rails:9
  [1m[35m (0.1ms)[0m  [1m[36mcommit transaction[0m
  ↳ bin/rails:9
  [1m[35m (4.0ms)[0m  [1m[34mSELECT "schema_migrations"."version" FROM "schema_migrations" ORDER BY "schema_migrations"."version" ASC[0m
  ↳ bin/rails:9
  [1m[35m (2.9ms)[0m  [1m[34mSELECT "schema_migrations"."version" FROM "schema_migrations" ORDER BY "schema_migrations"."version" ASC[0m
  ↳ bin/rails:9
Migrating to CreateOrders (20190818044617)
  [1m[35m (0.1ms)[0m  [1m[36mbegin transaction[0m
  ↳ bin/rails:9
  [1m[35m (0.3ms)[0m  [1m[34mSELECT sqlite_version(*)[0m
  ↳ db/migrate/20190818044617_create_orders.rb:3
  [1m[35m (15.6ms)[0m  [1m[35mCREATE TABLE "orders" ("id" integer PRIMARY KEY AUTOINCREMENT NOT NULL, "user_id" integer, "album_id" integer, "number" integer(1) DEFAULT 1 NOT NULL, "subtotal" integer, "status" integer(1) DEFAULT 0 NOT NULL, "created_at" datetime NOT NULL, "updated_at" datetime NOT NULL)[0m
  ↳ db/migrate/20190818044617_create_orders.rb:3
  [1m[36mActiveRecord::SchemaMigration Create (1.4ms)[0m  [1m[32mINSERT INTO "schema_migrations" ("version") VALUES (?)[0m  [["version", "20190818044617"]]
  ↳ bin/rails:9
  [1m[35m (8.0ms)[0m  [1m[36mcommit transaction[0m
  ↳ bin/rails:9
  [1m[36mActiveRecord::InternalMetadata Load (2.7ms)[0m  [1m[34mSELECT  "ar_internal_metadata".* FROM "ar_internal_metadata" WHERE "ar_internal_metadata"."key" = ? LIMIT ?[0m  [["key", "environment"], ["LIMIT", 1]]
  ↳ bin/rails:9
  [1m[35m (0.1ms)[0m  [1m[36mbegin transaction[0m
  ↳ bin/rails:9
  [1m[35m (0.1ms)[0m  [1m[36mcommit transaction[0m
  ↳ bin/rails:9
  [1m[35m (4.5ms)[0m  [1m[34mSELECT "schema_migrations"."version" FROM "schema_migrations" ORDER BY "schema_migrations"."version" ASC[0m
  ↳ bin/rails:9
  [1m[35m (2.5ms)[0m  [1m[34mSELECT "schema_migrations"."version" FROM "schema_migrations" ORDER BY "schema_migrations"."version" ASC[0m
  ↳ bin/rails:9
Migrating to CreateAlbums (20190818045059)
  [1m[35m (0.1ms)[0m  [1m[36mbegin transaction[0m
  ↳ bin/rails:9
  [1m[35m (0.3ms)[0m  [1m[34mSELECT sqlite_version(*)[0m
  ↳ db/migrate/20190818045059_create_albums.rb:3
  [1m[35m (12.2ms)[0m  [1m[35mCREATE TABLE "albums" ("id" integer PRIMARY KEY AUTOINCREMENT NOT NULL, "label_id" integer, "genre_id" integer, "title" varchar, "status" integer(1) DEFAULT 0 NOT NULL, "album_image_id" text, "price" integer, "stock" integer, "deleted" varchar, "created_at" datetime NOT NULL, "updated_at" datetime NOT NULL)[0m
  ↳ db/migrate/20190818045059_create_albums.rb:3
  [1m[36mActiveRecord::SchemaMigration Create (1.4ms)[0m  [1m[32mINSERT INTO "schema_migrations" ("version") VALUES (?)[0m  [["version", "20190818045059"]]
  ↳ bin/rails:9
  [1m[35m (5.0ms)[0m  [1m[36mcommit transaction[0m
  ↳ bin/rails:9
  [1m[36mActiveRecord::InternalMetadata Load (2.2ms)[0m  [1m[34mSELECT  "ar_internal_metadata".* FROM "ar_internal_metadata" WHERE "ar_internal_metadata"."key" = ? LIMIT ?[0m  [["key", "environment"], ["LIMIT", 1]]
  ↳ bin/rails:9
  [1m[35m (0.1ms)[0m  [1m[36mbegin transaction[0m
  ↳ bin/rails:9
  [1m[35m (0.1ms)[0m  [1m[36mcommit transaction[0m
  ↳ bin/rails:9
  [1m[35m (3.2ms)[0m  [1m[34mSELECT "schema_migrations"."version" FROM "schema_migrations" ORDER BY "schema_migrations"."version" ASC[0m
  ↳ bin/rails:9
  [1m[35m (3.0ms)[0m  [1m[34mSELECT "schema_migrations"."version" FROM "schema_migrations" ORDER BY "schema_migrations"."version" ASC[0m
  ↳ bin/rails:9
  [1m[36mActiveRecord::InternalMetadata Load (3.0ms)[0m  [1m[34mSELECT  "ar_internal_metadata".* FROM "ar_internal_metadata" WHERE "ar_internal_metadata"."key" = ? LIMIT ?[0m  [["key", "environment"], ["LIMIT", 1]]
  ↳ bin/rails:9
  [1m[35m (0.1ms)[0m  [1m[36mbegin transaction[0m
  ↳ bin/rails:9
  [1m[35m (0.1ms)[0m  [1m[36mcommit transaction[0m
  ↳ bin/rails:9
  [1m[35m (2.7ms)[0m  [1m[34mSELECT "schema_migrations"."version" FROM "schema_migrations" ORDER BY "schema_migrations"."version" ASC[0m
  ↳ bin/rails:9
  [1m[35m (3.2ms)[0m  [1m[34mSELECT "schema_migrations"."version" FROM "schema_migrations" ORDER BY "schema_migrations"."version" ASC[0m
  ↳ bin/rails:9
  [1m[36mActiveRecord::InternalMetadata Load (3.1ms)[0m  [1m[34mSELECT  "ar_internal_metadata".* FROM "ar_internal_metadata" WHERE "ar_internal_metadata"."key" = ? LIMIT ?[0m  [["key", "environment"], ["LIMIT", 1]]
  ↳ bin/rails:9
  [1m[35m (0.1ms)[0m  [1m[36mbegin transaction[0m
  ↳ bin/rails:9
  [1m[35m (0.1ms)[0m  [1m[36mcommit transaction[0m
  ↳ bin/rails:9
  [1m[35m (2.6ms)[0m  [1m[34mSELECT "schema_migrations"."version" FROM "schema_migrations" ORDER BY "schema_migrations"."version" ASC[0m
  ↳ bin/rails:9
  [1m[35m (2.1ms)[0m  [1m[34mSELECT "schema_migrations"."version" FROM "schema_migrations" ORDER BY "schema_migrations"."version" ASC[0m
  ↳ bin/rails:9
  [1m[36mActiveRecord::InternalMetadata Load (2.6ms)[0m  [1m[34mSELECT  "ar_internal_metadata".* FROM "ar_internal_metadata" WHERE "ar_internal_metadata"."key" = ? LIMIT ?[0m  [["key", "environment"], ["LIMIT", 1]]
  ↳ bin/rails:9
  [1m[35m (0.2ms)[0m  [1m[36mbegin transaction[0m
  ↳ bin/rails:9
  [1m[35m (0.1ms)[0m  [1m[36mcommit transaction[0m
  ↳ bin/rails:9
  [1m[35m (1.7ms)[0m  [1m[34mSELECT "schema_migrations"."version" FROM "schema_migrations" ORDER BY "schema_migrations"."version" ASC[0m
  ↳ bin/rails:9
  [1m[35m (2.1ms)[0m  [1m[34mSELECT "schema_migrations"."version" FROM "schema_migrations" ORDER BY "schema_migrations"."version" ASC[0m
  ↳ bin/rails:9
Migrating to CreateFavorites (20190818050516)
  [1m[35m (0.1ms)[0m  [1m[36mbegin transaction[0m
  ↳ bin/rails:9
  [1m[35m (0.1ms)[0m  [1m[34mSELECT sqlite_version(*)[0m
  ↳ db/migrate/20190818050516_create_favorites.rb:3
  [1m[35m (8.3ms)[0m  [1m[35mCREATE TABLE "favorites" ("id" integer PRIMARY KEY AUTOINCREMENT NOT NULL, "user_id" integer, "album_id" integer, "created_at" datetime NOT NULL, "updated_at" datetime NOT NULL)[0m
  ↳ db/migrate/20190818050516_create_favorites.rb:3
  [1m[36mActiveRecord::SchemaMigration Create (1.3ms)[0m  [1m[32mINSERT INTO "schema_migrations" ("version") VALUES (?)[0m  [["version", "20190818050516"]]
  ↳ bin/rails:9
  [1m[35m (6.9ms)[0m  [1m[36mcommit transaction[0m
  ↳ bin/rails:9
  [1m[36mActiveRecord::InternalMetadata Load (8.1ms)[0m  [1m[34mSELECT  "ar_internal_metadata".* FROM "ar_internal_metadata" WHERE "ar_internal_metadata"."key" = ? LIMIT ?[0m  [["key", "environment"], ["LIMIT", 1]]
  ↳ bin/rails:9
  [1m[35m (0.2ms)[0m  [1m[36mbegin transaction[0m
  ↳ bin/rails:9
  [1m[35m (0.1ms)[0m  [1m[36mcommit transaction[0m
  ↳ bin/rails:9
  [1m[35m (3.3ms)[0m  [1m[34mSELECT "schema_migrations"."version" FROM "schema_migrations" ORDER BY "schema_migrations"."version" ASC[0m
  ↳ bin/rails:9
  [1m[35m (3.4ms)[0m  [1m[34mSELECT "schema_migrations"."version" FROM "schema_migrations" ORDER BY "schema_migrations"."version" ASC[0m
  ↳ bin/rails:9
Migrating to CreateReviews (20190818050628)
  [1m[35m (0.1ms)[0m  [1m[36mbegin transaction[0m
  ↳ bin/rails:9
  [1m[35m (0.3ms)[0m  [1m[34mSELECT sqlite_version(*)[0m
  ↳ db/migrate/20190818050628_create_reviews.rb:3
  [1m[35m (15.0ms)[0m  [1m[35mCREATE TABLE "reviews" ("id" integer PRIMARY KEY AUTOINCREMENT NOT NULL, "user_id" integer, "album_id" integer, "body" text, "created_at" datetime NOT NULL, "updated_at" datetime NOT NULL)[0m
  ↳ db/migrate/20190818050628_create_reviews.rb:3
  [1m[36mActiveRecord::SchemaMigration Create (1.5ms)[0m  [1m[32mINSERT INTO "schema_migrations" ("version") VALUES (?)[0m  [["version", "20190818050628"]]
  ↳ bin/rails:9
  [1m[35m (5.4ms)[0m  [1m[36mcommit transaction[0m
  ↳ bin/rails:9
  [1m[36mActiveRecord::InternalMetadata Load (2.6ms)[0m  [1m[34mSELECT  "ar_internal_metadata".* FROM "ar_internal_metadata" WHERE "ar_internal_metadata"."key" = ? LIMIT ?[0m  [["key", "environment"], ["LIMIT", 1]]
  ↳ bin/rails:9
  [1m[35m (0.1ms)[0m  [1m[36mbegin transaction[0m
  ↳ bin/rails:9
  [1m[35m (0.1ms)[0m  [1m[36mcommit transaction[0m
  ↳ bin/rails:9
  [1m[35m (3.8ms)[0m  [1m[34mSELECT "schema_migrations"."version" FROM "schema_migrations" ORDER BY "schema_migrations"."version" ASC[0m
  ↳ bin/rails:9
  [1m[35m (2.0ms)[0m  [1m[34mSELECT "schema_migrations"."version" FROM "schema_migrations" ORDER BY "schema_migrations"."version" ASC[0m
  ↳ bin/rails:9
Migrating to CreateDiscs (20190818051053)
  [1m[35m (2.2ms)[0m  [1m[36mbegin transaction[0m
  ↳ bin/rails:9
  [1m[35m (0.4ms)[0m  [1m[34mSELECT sqlite_version(*)[0m
  ↳ db/migrate/20190818051053_create_discs.rb:3
  [1m[35m (15.6ms)[0m  [1m[35mCREATE TABLE "discs" ("id" integer PRIMARY KEY AUTOINCREMENT NOT NULL, "album_id" integer, "artist_id" integer, "disc_number" integer, "created_at" datetime NOT NULL, "updated_at" datetime NOT NULL)[0m
  ↳ db/migrate/20190818051053_create_discs.rb:3
  [1m[36mActiveRecord::SchemaMigration Create (1.2ms)[0m  [1m[32mINSERT INTO "schema_migrations" ("version") VALUES (?)[0m  [["version", "20190818051053"]]
  ↳ bin/rails:9
  [1m[35m (7.5ms)[0m  [1m[36mcommit transaction[0m
  ↳ bin/rails:9
  [1m[36mActiveRecord::InternalMetadata Load (2.3ms)[0m  [1m[34mSELECT  "ar_internal_metadata".* FROM "ar_internal_metadata" WHERE "ar_internal_metadata"."key" = ? LIMIT ?[0m  [["key", "environment"], ["LIMIT", 1]]
  ↳ bin/rails:9
  [1m[35m (0.2ms)[0m  [1m[36mbegin transaction[0m
  ↳ bin/rails:9
  [1m[35m (0.1ms)[0m  [1m[36mcommit transaction[0m
  ↳ bin/rails:9
  [1m[35m (3.4ms)[0m  [1m[34mSELECT "schema_migrations"."version" FROM "schema_migrations" ORDER BY "schema_migrations"."version" ASC[0m
  ↳ bin/rails:9
  [1m[35m (2.6ms)[0m  [1m[34mSELECT "schema_migrations"."version" FROM "schema_migrations" ORDER BY "schema_migrations"."version" ASC[0m
  ↳ bin/rails:9
Migrating to CreateSongs (20190818051305)
  [1m[35m (0.1ms)[0m  [1m[36mbegin transaction[0m
  ↳ bin/rails:9
  [1m[35m (0.1ms)[0m  [1m[34mSELECT sqlite_version(*)[0m
  ↳ db/migrate/20190818051305_create_songs.rb:3
  [1m[35m (10.3ms)[0m  [1m[35mCREATE TABLE "songs" ("id" integer PRIMARY KEY AUTOINCREMENT NOT NULL, "disc_id" integer, "title" varchar, "song_number" integer, "created_at" datetime NOT NULL, "updated_at" datetime NOT NULL)[0m
  ↳ db/migrate/20190818051305_create_songs.rb:3
  [1m[36mActiveRecord::SchemaMigration Create (2.2ms)[0m  [1m[32mINSERT INTO "schema_migrations" ("version") VALUES (?)[0m  [["version", "20190818051305"]]
  ↳ bin/rails:9
  [1m[35m (9.4ms)[0m  [1m[36mcommit transaction[0m
  ↳ bin/rails:9
  [1m[36mActiveRecord::InternalMetadata Load (3.4ms)[0m  [1m[34mSELECT  "ar_internal_metadata".* FROM "ar_internal_metadata" WHERE "ar_internal_metadata"."key" = ? LIMIT ?[0m  [["key", "environment"], ["LIMIT", 1]]
  ↳ bin/rails:9
  [1m[35m (0.1ms)[0m  [1m[36mbegin transaction[0m
  ↳ bin/rails:9
  [1m[35m (0.1ms)[0m  [1m[36mcommit transaction[0m
  ↳ bin/rails:9
  [1m[35m (5.4ms)[0m  [1m[34mSELECT "schema_migrations"."version" FROM "schema_migrations" ORDER BY "schema_migrations"."version" ASC[0m
  ↳ bin/rails:9
  [1m[35m (2.4ms)[0m  [1m[34mSELECT "schema_migrations"."version" FROM "schema_migrations" ORDER BY "schema_migrations"."version" ASC[0m
  ↳ bin/rails:9
Migrating to CreateArtists (20190818052105)
  [1m[35m (0.1ms)[0m  [1m[36mbegin transaction[0m
  ↳ bin/rails:9
  [1m[35m (0.2ms)[0m  [1m[34mSELECT sqlite_version(*)[0m
  ↳ db/migrate/20190818052105_create_artists.rb:3
  [1m[35m (8.0ms)[0m  [1m[35mCREATE TABLE "artists" ("id" integer PRIMARY KEY AUTOINCREMENT NOT NULL, "name" varchar, "created_at" datetime NOT NULL, "updated_at" datetime NOT NULL)[0m
  ↳ db/migrate/20190818052105_create_artists.rb:3
  [1m[36mActiveRecord::SchemaMigration Create (1.7ms)[0m  [1m[32mINSERT INTO "schema_migrations" ("version") VALUES (?)[0m  [["version", "20190818052105"]]
  ↳ bin/rails:9
  [1m[35m (8.1ms)[0m  [1m[36mcommit transaction[0m
  ↳ bin/rails:9
  [1m[36mActiveRecord::InternalMetadata Load (2.9ms)[0m  [1m[34mSELECT  "ar_internal_metadata".* FROM "ar_internal_metadata" WHERE "ar_internal_metadata"."key" = ? LIMIT ?[0m  [["key", "environment"], ["LIMIT", 1]]
  ↳ bin/rails:9
  [1m[35m (0.1ms)[0m  [1m[36mbegin transaction[0m
  ↳ bin/rails:9
  [1m[35m (0.1ms)[0m  [1m[36mcommit transaction[0m
  ↳ bin/rails:9
  [1m[35m (4.2ms)[0m  [1m[34mSELECT "schema_migrations"."version" FROM "schema_migrations" ORDER BY "schema_migrations"."version" ASC[0m
  ↳ bin/rails:9
  [1m[35m (2.4ms)[0m  [1m[34mSELECT "schema_migrations"."version" FROM "schema_migrations" ORDER BY "schema_migrations"."version" ASC[0m
  ↳ bin/rails:9
Migrating to CreateLabels (20190818052156)
  [1m[35m (0.1ms)[0m  [1m[36mbegin transaction[0m
  ↳ bin/rails:9
  [1m[35m (0.2ms)[0m  [1m[34mSELECT sqlite_version(*)[0m
  ↳ db/migrate/20190818052156_create_labels.rb:3
  [1m[35m (14.9ms)[0m  [1m[35mCREATE TABLE "labels" ("id" integer PRIMARY KEY AUTOINCREMENT NOT NULL, "name" varchar, "created_at" datetime NOT NULL, "updated_at" datetime NOT NULL)[0m
  ↳ db/migrate/20190818052156_create_labels.rb:3
  [1m[36mActiveRecord::SchemaMigration Create (2.4ms)[0m  [1m[32mINSERT INTO "schema_migrations" ("version") VALUES (?)[0m  [["version", "20190818052156"]]
  ↳ bin/rails:9
  [1m[35m (7.3ms)[0m  [1m[36mcommit transaction[0m
  ↳ bin/rails:9
  [1m[36mActiveRecord::InternalMetadata Load (3.2ms)[0m  [1m[34mSELECT  "ar_internal_metadata".* FROM "ar_internal_metadata" WHERE "ar_internal_metadata"."key" = ? LIMIT ?[0m  [["key", "environment"], ["LIMIT", 1]]
  ↳ bin/rails:9
  [1m[35m (0.1ms)[0m  [1m[36mbegin transaction[0m
  ↳ bin/rails:9
  [1m[35m (0.1ms)[0m  [1m[36mcommit transaction[0m
  ↳ bin/rails:9
  [1m[35m (6.3ms)[0m  [1m[34mSELECT "schema_migrations"."version" FROM "schema_migrations" ORDER BY "schema_migrations"."version" ASC[0m
  ↳ bin/rails:9
  [1m[35m (2.4ms)[0m  [1m[34mSELECT "schema_migrations"."version" FROM "schema_migrations" ORDER BY "schema_migrations"."version" ASC[0m
  ↳ bin/rails:9
Migrating to CreateGenres (20190818052234)
  [1m[35m (0.1ms)[0m  [1m[36mbegin transaction[0m
  ↳ bin/rails:9
  [1m[35m (0.2ms)[0m  [1m[34mSELECT sqlite_version(*)[0m
  ↳ db/migrate/20190818052234_create_genres.rb:3
  [1m[35m (9.6ms)[0m  [1m[35mCREATE TABLE "genres" ("id" integer PRIMARY KEY AUTOINCREMENT NOT NULL, "name" varchar, "created_at" datetime NOT NULL, "updated_at" datetime NOT NULL)[0m
  ↳ db/migrate/20190818052234_create_genres.rb:3
  [1m[36mActiveRecord::SchemaMigration Create (1.7ms)[0m  [1m[32mINSERT INTO "schema_migrations" ("version") VALUES (?)[0m  [["version", "20190818052234"]]
  ↳ bin/rails:9
  [1m[35m (7.0ms)[0m  [1m[36mcommit transaction[0m
  ↳ bin/rails:9
  [1m[36mActiveRecord::InternalMetadata Load (2.6ms)[0m  [1m[34mSELECT  "ar_internal_metadata".* FROM "ar_internal_metadata" WHERE "ar_internal_metadata"."key" = ? LIMIT ?[0m  [["key", "environment"], ["LIMIT", 1]]
  ↳ bin/rails:9
  [1m[35m (0.1ms)[0m  [1m[36mbegin transaction[0m
  ↳ bin/rails:9
  [1m[35m (0.1ms)[0m  [1m[36mcommit transaction[0m
  ↳ bin/rails:9
  [1m[35m (4.6ms)[0m  [1m[34mSELECT "schema_migrations"."version" FROM "schema_migrations" ORDER BY "schema_migrations"."version" ASC[0m
  ↳ bin/rails:9
<<<<<<< HEAD
  [1m[35m (2.0ms)[0m  [1m[34mSELECT "schema_migrations"."version" FROM "schema_migrations" ORDER BY "schema_migrations"."version" ASC[0m
  ↳ bin/rails:9
Migrating to AddDeviseToUsers (20190819060239)
  [1m[35m (0.1ms)[0m  [1m[36mbegin transaction[0m
  ↳ bin/rails:9
  [1m[35m (0.9ms)[0m  [1m[35mALTER TABLE "users" ADD "email" varchar DEFAULT '' NOT NULL[0m
  ↳ db/migrate/20190819060239_add_devise_to_users.rb:7
  [1m[35m (0.1ms)[0m  [1m[31mrollback transaction[0m
  ↳ bin/rails:9
Started GET "/" for 10.0.2.2 at 2019-08-19 12:37:04 +0000
Cannot render console from 10.0.2.2! Allowed networks: 127.0.0.1, ::1, 127.0.0.0/127.255.255.255
  [1m[35m (2.0ms)[0m  [1m[34mSELECT "schema_migrations"."version" FROM "schema_migrations" ORDER BY "schema_migrations"."version" ASC[0m
  ↳ /var/lib/gems/2.5.0/gems/activerecord-5.2.3/lib/active_record/log_subscriber.rb:98
  
ActiveRecord::PendingMigrationError (

Migrations are pending. To resolve this issue, run:

        bin/rails db:migrate RAILS_ENV=development

):
  
activerecord (5.2.3) lib/active_record/migration.rb:579:in `check_pending!'
activerecord (5.2.3) lib/active_record/migration.rb:556:in `call'
actionpack (5.2.3) lib/action_dispatch/middleware/callbacks.rb:28:in `block in call'
activesupport (5.2.3) lib/active_support/callbacks.rb:98:in `run_callbacks'
actionpack (5.2.3) lib/action_dispatch/middleware/callbacks.rb:26:in `call'
actionpack (5.2.3) lib/action_dispatch/middleware/executor.rb:14:in `call'
actionpack (5.2.3) lib/action_dispatch/middleware/debug_exceptions.rb:61:in `call'
web-console (3.7.0) lib/web_console/middleware.rb:135:in `call_app'
web-console (3.7.0) lib/web_console/middleware.rb:22:in `block in call'
web-console (3.7.0) lib/web_console/middleware.rb:20:in `catch'
web-console (3.7.0) lib/web_console/middleware.rb:20:in `call'
actionpack (5.2.3) lib/action_dispatch/middleware/show_exceptions.rb:33:in `call'
railties (5.2.3) lib/rails/rack/logger.rb:38:in `call_app'
railties (5.2.3) lib/rails/rack/logger.rb:26:in `block in call'
activesupport (5.2.3) lib/active_support/tagged_logging.rb:71:in `block in tagged'
activesupport (5.2.3) lib/active_support/tagged_logging.rb:28:in `tagged'
activesupport (5.2.3) lib/active_support/tagged_logging.rb:71:in `tagged'
railties (5.2.3) lib/rails/rack/logger.rb:26:in `call'
sprockets-rails (3.2.1) lib/sprockets/rails/quiet_assets.rb:13:in `call'
actionpack (5.2.3) lib/action_dispatch/middleware/remote_ip.rb:81:in `call'
actionpack (5.2.3) lib/action_dispatch/middleware/request_id.rb:27:in `call'
rack (2.0.7) lib/rack/method_override.rb:22:in `call'
rack (2.0.7) lib/rack/runtime.rb:22:in `call'
activesupport (5.2.3) lib/active_support/cache/strategy/local_cache_middleware.rb:29:in `call'
actionpack (5.2.3) lib/action_dispatch/middleware/executor.rb:14:in `call'
actionpack (5.2.3) lib/action_dispatch/middleware/static.rb:127:in `call'
rack (2.0.7) lib/rack/sendfile.rb:111:in `call'
railties (5.2.3) lib/rails/engine.rb:524:in `call'
puma (3.12.1) lib/puma/configuration.rb:227:in `call'
puma (3.12.1) lib/puma/server.rb:660:in `handle_request'
puma (3.12.1) lib/puma/server.rb:474:in `process_client'
puma (3.12.1) lib/puma/server.rb:334:in `block in run'
puma (3.12.1) lib/puma/thread_pool.rb:135:in `block in spawn_thread'
  [1m[35m (2.3ms)[0m  [1m[34mSELECT "schema_migrations"."version" FROM "schema_migrations" ORDER BY "schema_migrations"."version" ASC[0m
  ↳ bin/rails:9
Migrating to AddDeviseToUsers (20190819060239)
  [1m[35m (0.1ms)[0m  [1m[36mbegin transaction[0m
  ↳ bin/rails:9
  [1m[35m (0.6ms)[0m  [1m[35mALTER TABLE "users" ADD "email" varchar DEFAULT '' NOT NULL[0m
  ↳ db/migrate/20190819060239_add_devise_to_users.rb:7
  [1m[35m (0.1ms)[0m  [1m[31mrollback transaction[0m
  ↳ bin/rails:9
Started GET "/" for 10.0.2.2 at 2019-08-20 02:45:27 +0000
Cannot render console from 10.0.2.2! Allowed networks: 127.0.0.1, ::1, 127.0.0.0/127.255.255.255
  [1m[35m (5.1ms)[0m  [1m[34mSELECT "schema_migrations"."version" FROM "schema_migrations" ORDER BY "schema_migrations"."version" ASC[0m
  ↳ /var/lib/gems/2.5.0/gems/activerecord-5.2.3/lib/active_record/log_subscriber.rb:98
Processing by Rails::WelcomeController#index as HTML
  Rendering /var/lib/gems/2.5.0/gems/railties-5.2.3/lib/rails/templates/rails/welcome/index.html.erb
  Rendered /var/lib/gems/2.5.0/gems/railties-5.2.3/lib/rails/templates/rails/welcome/index.html.erb (8.5ms)
Completed 200 OK in 31ms (Views: 13.2ms | ActiveRecord: 0.0ms)


Started GET "/" for 10.0.2.2 at 2019-08-20 02:45:34 +0000
Cannot render console from 10.0.2.2! Allowed networks: 127.0.0.1, ::1, 127.0.0.0/127.255.255.255
Processing by Rails::WelcomeController#index as HTML
  Rendering /var/lib/gems/2.5.0/gems/railties-5.2.3/lib/rails/templates/rails/welcome/index.html.erb
  Rendered /var/lib/gems/2.5.0/gems/railties-5.2.3/lib/rails/templates/rails/welcome/index.html.erb (5.3ms)
Completed 200 OK in 12ms (Views: 8.2ms | ActiveRecord: 0.0ms)


  [1m[35m (2.1ms)[0m  [1m[34mSELECT "schema_migrations"."version" FROM "schema_migrations" ORDER BY "schema_migrations"."version" ASC[0m
  ↳ bin/rails:9
  [1m[36mActiveRecord::InternalMetadata Load (2.7ms)[0m  [1m[34mSELECT  "ar_internal_metadata".* FROM "ar_internal_metadata" WHERE "ar_internal_metadata"."key" = ? LIMIT ?[0m  [["key", "environment"], ["LIMIT", 1]]
  ↳ bin/rails:9
  [1m[35m (0.1ms)[0m  [1m[36mbegin transaction[0m
  ↳ bin/rails:9
  [1m[35m (0.0ms)[0m  [1m[36mcommit transaction[0m
  ↳ bin/rails:9
  [1m[35m (1.2ms)[0m  [1m[34mSELECT "schema_migrations"."version" FROM "schema_migrations" ORDER BY "schema_migrations"."version" ASC[0m
  ↳ bin/rails:9
=======
Started GET "/" for 10.0.2.2 at 2019-08-19 09:53:18 +0000
Cannot render console from 10.0.2.2! Allowed networks: 127.0.0.1, ::1, 127.0.0.0/127.255.255.255
  [1m[35m (3.3ms)[0m  [1m[34mSELECT "schema_migrations"."version" FROM "schema_migrations" ORDER BY "schema_migrations"."version" ASC[0m
  ↳ /var/lib/gems/2.5.0/gems/activerecord-5.2.3/lib/active_record/log_subscriber.rb:98
Processing by Rails::WelcomeController#index as HTML
  Rendering /var/lib/gems/2.5.0/gems/railties-5.2.3/lib/rails/templates/rails/welcome/index.html.erb
  Rendered /var/lib/gems/2.5.0/gems/railties-5.2.3/lib/rails/templates/rails/welcome/index.html.erb (3.6ms)
Completed 200 OK in 20ms (Views: 7.8ms | ActiveRecord: 0.0ms)


Started GET "/" for 10.0.2.2 at 2019-08-19 09:53:27 +0000
Cannot render console from 10.0.2.2! Allowed networks: 127.0.0.1, ::1, 127.0.0.0/127.255.255.255
Processing by Rails::WelcomeController#index as HTML
  Rendering /var/lib/gems/2.5.0/gems/railties-5.2.3/lib/rails/templates/rails/welcome/index.html.erb
  Rendered /var/lib/gems/2.5.0/gems/railties-5.2.3/lib/rails/templates/rails/welcome/index.html.erb (3.7ms)
Completed 200 OK in 9ms (Views: 6.1ms | ActiveRecord: 0.0ms)


>>>>>>> 3c343c28708609d1001f27441b36c8ef306a4a25
Started GET "/" for 10.0.2.2 at 2019-08-20 02:53:23 +0000
Cannot render console from 10.0.2.2! Allowed networks: 127.0.0.1, ::1, 127.0.0.0/127.255.255.255
  [1m[35m (2.7ms)[0m  [1m[34mSELECT "schema_migrations"."version" FROM "schema_migrations" ORDER BY "schema_migrations"."version" ASC[0m
  ↳ /var/lib/gems/2.5.0/gems/activerecord-5.2.3/lib/active_record/log_subscriber.rb:98
Processing by HomesController#top as HTML
  Rendering homes/top.html.erb within layouts/application
  Rendered homes/top.html.erb within layouts/application (1.3ms)
Started GET "/" for 10.0.2.2 at 2019-08-20 03:59:16 +0000
Cannot render console from 10.0.2.2! Allowed networks: 127.0.0.1, ::1, 127.0.0.0/127.255.255.255
  [1m[35m (2.1ms)[0m  [1m[34mSELECT "schema_migrations"."version" FROM "schema_migrations" ORDER BY "schema_migrations"."version" ASC[0m
  ↳ /var/lib/gems/2.5.0/gems/activerecord-5.2.3/lib/active_record/log_subscriber.rb:98
Processing by HomesController#top as HTML
  Rendering homes/top.html.erb within layouts/application
  Rendered homes/top.html.erb within layouts/application (2.1ms)
Started GET "/" for 10.0.2.2 at 2019-08-20 03:59:20 +0000
Cannot render console from 10.0.2.2! Allowed networks: 127.0.0.1, ::1, 127.0.0.0/127.255.255.255
Processing by HomesController#top as HTML
  Rendering homes/top.html.erb within layouts/application
  Rendered homes/top.html.erb within layouts/application (0.9ms)
Completed 200 OK in 5080ms (Views: 5045.9ms | ActiveRecord: 0.0ms)


Completed 200 OK in 1564ms (Views: 1536.2ms | ActiveRecord: 0.0ms)


Started GET "/" for 10.0.2.2 at 2019-08-20 04:18:16 +0000
Cannot render console from 10.0.2.2! Allowed networks: 127.0.0.1, ::1, 127.0.0.0/127.255.255.255
  [1m[35m (2.0ms)[0m  [1m[34mSELECT "schema_migrations"."version" FROM "schema_migrations" ORDER BY "schema_migrations"."version" ASC[0m
  ↳ /var/lib/gems/2.5.0/gems/activerecord-5.2.3/lib/active_record/log_subscriber.rb:98
Processing by HomesController#top as HTML
  Rendering homes/top.html.erb within layouts/application
  Rendered homes/top.html.erb within layouts/application (0.9ms)
Completed 500 Internal Server Error in 124ms (ActiveRecord: 0.0ms)


  
SyntaxError (/vagrant/juhati/app/views/layouts/application.html.erb:31: syntax error, unexpected keyword_ensure, expecting keyword_end
          ensure
          ^~~~~~
/vagrant/juhati/app/views/layouts/application.html.erb:33: syntax error, unexpected end-of-input, expecting keyword_end
          end
             ^):
  
app/views/layouts/application.html.erb:31: syntax error, unexpected keyword_ensure, expecting keyword_end
app/views/layouts/application.html.erb:33: syntax error, unexpected end-of-input, expecting keyword_end
Started GET "/" for 10.0.2.2 at 2019-08-20 04:18:42 +0000
Cannot render console from 10.0.2.2! Allowed networks: 127.0.0.1, ::1, 127.0.0.0/127.255.255.255
Processing by HomesController#top as HTML
  Rendering homes/top.html.erb within layouts/application
  Rendered homes/top.html.erb within layouts/application (0.8ms)
Completed 200 OK in 1952ms (Views: 1929.1ms | ActiveRecord: 0.0ms)


Started GET "/" for 10.0.2.2 at 2019-08-20 04:20:47 +0000
Cannot render console from 10.0.2.2! Allowed networks: 127.0.0.1, ::1, 127.0.0.0/127.255.255.255
  [1m[35m (1.6ms)[0m  [1m[34mSELECT "schema_migrations"."version" FROM "schema_migrations" ORDER BY "schema_migrations"."version" ASC[0m
  ↳ /var/lib/gems/2.5.0/gems/activerecord-5.2.3/lib/active_record/log_subscriber.rb:98
Processing by HomesController#top as HTML
  Rendering homes/top.html.erb within layouts/application
  Rendered homes/top.html.erb within layouts/application (0.8ms)
Completed 200 OK in 2220ms (Views: 2189.8ms | ActiveRecord: 0.0ms)


Started GET "/" for 10.0.2.2 at 2019-08-20 04:22:30 +0000
Cannot render console from 10.0.2.2! Allowed networks: 127.0.0.1, ::1, 127.0.0.0/127.255.255.255
Processing by HomesController#top as HTML
  Rendering homes/top.html.erb within layouts/application
  Rendered homes/top.html.erb within layouts/application (1.3ms)
Completed 200 OK in 779ms (Views: 749.2ms | ActiveRecord: 0.0ms)


Started GET "/" for 10.0.2.2 at 2019-08-20 04:22:46 +0000
Cannot render console from 10.0.2.2! Allowed networks: 127.0.0.1, ::1, 127.0.0.0/127.255.255.255
Processing by HomesController#top as HTML
  Rendering homes/top.html.erb within layouts/application
  Rendered homes/top.html.erb within layouts/application (0.6ms)
Completed 200 OK in 801ms (Views: 735.8ms | ActiveRecord: 0.0ms)


Started GET "/" for 10.0.2.2 at 2019-08-20 04:23:18 +0000
Cannot render console from 10.0.2.2! Allowed networks: 127.0.0.1, ::1, 127.0.0.0/127.255.255.255
Processing by HomesController#top as HTML
  Rendering homes/top.html.erb within layouts/application
  Rendered homes/top.html.erb within layouts/application (0.9ms)
Completed 200 OK in 866ms (Views: 803.9ms | ActiveRecord: 0.0ms)


Started GET "/" for 10.0.2.2 at 2019-08-20 04:23:27 +0000
Cannot render console from 10.0.2.2! Allowed networks: 127.0.0.1, ::1, 127.0.0.0/127.255.255.255
  [1m[35m (4.2ms)[0m  [1m[34mSELECT "schema_migrations"."version" FROM "schema_migrations" ORDER BY "schema_migrations"."version" ASC[0m
  ↳ /var/lib/gems/2.5.0/gems/activerecord-5.2.3/lib/active_record/log_subscriber.rb:98
Processing by HomesController#top as HTML
  Rendering homes/top.html.erb within layouts/application
  Rendered homes/top.html.erb within layouts/application (0.8ms)
Completed 200 OK in 2395ms (Views: 2358.0ms | ActiveRecord: 0.0ms)


Started GET "/users/sign_up" for 10.0.2.2 at 2019-08-20 04:23:36 +0000
Cannot render console from 10.0.2.2! Allowed networks: 127.0.0.1, ::1, 127.0.0.0/127.255.255.255
Processing by Devise::RegistrationsController#new as HTML
  Rendering devise/registrations/new.html.erb within layouts/application
  Rendered devise/shared/_links.html.erb (1.0ms)
  Rendered devise/registrations/new.html.erb within layouts/application (197.4ms)
Completed 200 OK in 660ms (Views: 635.3ms | ActiveRecord: 7.4ms)


Started GET "/users/sign_in" for 10.0.2.2 at 2019-08-20 04:23:38 +0000
Cannot render console from 10.0.2.2! Allowed networks: 127.0.0.1, ::1, 127.0.0.0/127.255.255.255
Processing by Devise::SessionsController#new as HTML
  Rendering devise/sessions/new.html.erb within layouts/application
  Rendered devise/shared/_links.html.erb (1.4ms)
  Rendered devise/sessions/new.html.erb within layouts/application (32.3ms)
Completed 200 OK in 469ms (Views: 465.0ms | ActiveRecord: 0.0ms)


Started GET "/" for 10.0.2.2 at 2019-08-20 04:26:14 +0000
Cannot render console from 10.0.2.2! Allowed networks: 127.0.0.1, ::1, 127.0.0.0/127.255.255.255
Processing by HomesController#top as HTML
  Rendering homes/top.html.erb within layouts/application
  Rendered homes/top.html.erb within layouts/application (0.7ms)
Completed 200 OK in 852ms (Views: 819.4ms | ActiveRecord: 0.0ms)


Started GET "/" for 10.0.2.2 at 2019-08-20 04:26:22 +0000
Cannot render console from 10.0.2.2! Allowed networks: 127.0.0.1, ::1, 127.0.0.0/127.255.255.255
Processing by HomesController#top as HTML
  Rendering homes/top.html.erb within layouts/application
  Rendered homes/top.html.erb within layouts/application (0.6ms)
Completed 200 OK in 437ms (Views: 404.1ms | ActiveRecord: 0.0ms)


Started GET "/" for 10.0.2.2 at 2019-08-20 04:26:43 +0000
Cannot render console from 10.0.2.2! Allowed networks: 127.0.0.1, ::1, 127.0.0.0/127.255.255.255
Processing by HomesController#top as HTML
  Rendering homes/top.html.erb within layouts/application
  Rendered homes/top.html.erb within layouts/application (0.6ms)
Completed 200 OK in 802ms (Views: 737.3ms | ActiveRecord: 0.0ms)


Started GET "/" for 10.0.2.2 at 2019-08-20 04:27:02 +0000
Cannot render console from 10.0.2.2! Allowed networks: 127.0.0.1, ::1, 127.0.0.0/127.255.255.255
Processing by HomesController#top as HTML
  Rendering homes/top.html.erb within layouts/application
  Rendered homes/top.html.erb within layouts/application (0.7ms)
Completed 200 OK in 597ms (Views: 569.3ms | ActiveRecord: 0.0ms)


Started GET "/" for 10.0.2.2 at 2019-08-20 04:27:05 +0000
Cannot render console from 10.0.2.2! Allowed networks: 127.0.0.1, ::1, 127.0.0.0/127.255.255.255
Processing by HomesController#top as HTML
  Rendering homes/top.html.erb within layouts/application
  Rendered homes/top.html.erb within layouts/application (0.5ms)
Completed 200 OK in 501ms (Views: 471.9ms | ActiveRecord: 0.0ms)


Started GET "/" for 10.0.2.2 at 2019-08-20 04:27:07 +0000
Cannot render console from 10.0.2.2! Allowed networks: 127.0.0.1, ::1, 127.0.0.0/127.255.255.255
Processing by HomesController#top as HTML
  Rendering homes/top.html.erb within layouts/application
  Rendered homes/top.html.erb within layouts/application (0.5ms)
Completed 200 OK in 527ms (Views: 498.4ms | ActiveRecord: 0.0ms)


Started GET "/" for 10.0.2.2 at 2019-08-20 04:28:55 +0000
Cannot render console from 10.0.2.2! Allowed networks: 127.0.0.1, ::1, 127.0.0.0/127.255.255.255
Processing by HomesController#top as HTML
  Rendering homes/top.html.erb within layouts/application
  Rendered homes/top.html.erb within layouts/application (0.7ms)
Completed 200 OK in 716ms (Views: 683.7ms | ActiveRecord: 0.0ms)


Started GET "/" for 10.0.2.2 at 2019-08-20 04:29:23 +0000
Cannot render console from 10.0.2.2! Allowed networks: 127.0.0.1, ::1, 127.0.0.0/127.255.255.255
Processing by HomesController#top as HTML
  Rendering homes/top.html.erb within layouts/application
  Rendered homes/top.html.erb within layouts/application (0.5ms)
Completed 200 OK in 603ms (Views: 572.3ms | ActiveRecord: 0.0ms)


Started GET "/users/sign_up" for 10.0.2.2 at 2019-08-20 04:30:50 +0000
Cannot render console from 10.0.2.2! Allowed networks: 127.0.0.1, ::1, 127.0.0.0/127.255.255.255
Processing by Devise::RegistrationsController#new as HTML
  Rendering devise/registrations/new.html.erb within layouts/application
  Rendered devise/shared/_links.html.erb (1.2ms)
  Rendered devise/registrations/new.html.erb within layouts/application (32.3ms)
Completed 200 OK in 456ms (Views: 453.7ms | ActiveRecord: 0.0ms)


Started GET "/users/sign_up" for 10.0.2.2 at 2019-08-20 04:30:51 +0000
Cannot render console from 10.0.2.2! Allowed networks: 127.0.0.1, ::1, 127.0.0.0/127.255.255.255
Processing by Devise::RegistrationsController#new as HTML
  Rendering devise/registrations/new.html.erb within layouts/application
  Rendered devise/shared/_links.html.erb (1.2ms)
  Rendered devise/registrations/new.html.erb within layouts/application (35.8ms)
Completed 200 OK in 650ms (Views: 646.1ms | ActiveRecord: 0.0ms)


Started GET "/" for 10.0.2.2 at 2019-08-20 04:30:52 +0000
Cannot render console from 10.0.2.2! Allowed networks: 127.0.0.1, ::1, 127.0.0.0/127.255.255.255
Processing by HomesController#top as HTML
  Rendering homes/top.html.erb within layouts/application
  Rendered homes/top.html.erb within layouts/application (0.5ms)
Completed 200 OK in 477ms (Views: 432.9ms | ActiveRecord: 0.0ms)


Started GET "/" for 10.0.2.2 at 2019-08-20 04:34:54 +0000
Cannot render console from 10.0.2.2! Allowed networks: 127.0.0.1, ::1, 127.0.0.0/127.255.255.255
  [1m[35m (2.7ms)[0m  [1m[34mSELECT "schema_migrations"."version" FROM "schema_migrations" ORDER BY "schema_migrations"."version" ASC[0m
  ↳ /var/lib/gems/2.5.0/gems/activerecord-5.2.3/lib/active_record/log_subscriber.rb:98
Processing by HomesController#top as HTML
  Rendering homes/top.html.erb within layouts/application
  Rendered homes/top.html.erb within layouts/application (1.0ms)
Completed 200 OK in 2941ms (Views: 2894.3ms | ActiveRecord: 0.0ms)


Started GET "/" for 10.0.2.2 at 2019-08-20 04:37:23 +0000
Cannot render console from 10.0.2.2! Allowed networks: 127.0.0.1, ::1, 127.0.0.0/127.255.255.255
Processing by HomesController#top as HTML
  Rendering homes/top.html.erb within layouts/application
  Rendered homes/top.html.erb within layouts/application (0.5ms)
Completed 200 OK in 622ms (Views: 596.6ms | ActiveRecord: 0.0ms)


Started GET "/" for 10.0.2.2 at 2019-08-20 04:37:54 +0000
Cannot render console from 10.0.2.2! Allowed networks: 127.0.0.1, ::1, 127.0.0.0/127.255.255.255
Processing by HomesController#top as HTML
  Rendering homes/top.html.erb within layouts/application
  Rendered homes/top.html.erb within layouts/application (0.5ms)
Completed 200 OK in 648ms (Views: 625.3ms | ActiveRecord: 0.0ms)


Started GET "/" for 10.0.2.2 at 2019-08-20 04:38:21 +0000
Cannot render console from 10.0.2.2! Allowed networks: 127.0.0.1, ::1, 127.0.0.0/127.255.255.255
Processing by HomesController#top as HTML
  Rendering homes/top.html.erb within layouts/application
  Rendered homes/top.html.erb within layouts/application (0.5ms)
Completed 200 OK in 794ms (Views: 766.7ms | ActiveRecord: 0.0ms)


Started GET "/" for 10.0.2.2 at 2019-08-20 04:38:26 +0000
Cannot render console from 10.0.2.2! Allowed networks: 127.0.0.1, ::1, 127.0.0.0/127.255.255.255
Processing by HomesController#top as HTML
  Rendering homes/top.html.erb within layouts/application
  Rendered homes/top.html.erb within layouts/application (0.8ms)
Completed 200 OK in 688ms (Views: 662.6ms | ActiveRecord: 0.0ms)


Started GET "/" for 10.0.2.2 at 2019-08-20 04:42:53 +0000
Cannot render console from 10.0.2.2! Allowed networks: 127.0.0.1, ::1, 127.0.0.0/127.255.255.255
Processing by HomesController#top as HTML
  Rendering homes/top.html.erb within layouts/application
  Rendered homes/top.html.erb within layouts/application (0.6ms)
Completed 200 OK in 739ms (Views: 720.4ms | ActiveRecord: 0.0ms)


Started GET "/" for 10.0.2.2 at 2019-08-20 04:44:16 +0000
Cannot render console from 10.0.2.2! Allowed networks: 127.0.0.1, ::1, 127.0.0.0/127.255.255.255
Processing by HomesController#top as HTML
  Rendering homes/top.html.erb within layouts/application
  Rendered homes/top.html.erb within layouts/application (0.9ms)
Completed 200 OK in 649ms (Views: 625.2ms | ActiveRecord: 0.0ms)


Started GET "/" for 10.0.2.2 at 2019-08-20 04:45:22 +0000
Cannot render console from 10.0.2.2! Allowed networks: 127.0.0.1, ::1, 127.0.0.0/127.255.255.255
Processing by HomesController#top as HTML
  Rendering homes/top.html.erb within layouts/application
  Rendered homes/top.html.erb within layouts/application (0.3ms)
Completed 200 OK in 581ms (Views: 551.8ms | ActiveRecord: 0.0ms)


Started GET "/" for 10.0.2.2 at 2019-08-20 04:45:57 +0000
Cannot render console from 10.0.2.2! Allowed networks: 127.0.0.1, ::1, 127.0.0.0/127.255.255.255
Processing by HomesController#top as HTML
  Rendering homes/top.html.erb within layouts/application
  Rendered homes/top.html.erb within layouts/application (0.4ms)
Completed 200 OK in 823ms (Views: 761.4ms | ActiveRecord: 0.0ms)


Started GET "/" for 10.0.2.2 at 2019-08-20 04:46:26 +0000
Cannot render console from 10.0.2.2! Allowed networks: 127.0.0.1, ::1, 127.0.0.0/127.255.255.255
Processing by HomesController#top as HTML
  Rendering homes/top.html.erb within layouts/application
  Rendered homes/top.html.erb within layouts/application (0.5ms)
Completed 200 OK in 753ms (Views: 724.6ms | ActiveRecord: 0.0ms)


Started GET "/" for 10.0.2.2 at 2019-08-20 04:48:12 +0000
Cannot render console from 10.0.2.2! Allowed networks: 127.0.0.1, ::1, 127.0.0.0/127.255.255.255
Processing by HomesController#top as HTML
  Rendering homes/top.html.erb within layouts/application
  Rendered homes/top.html.erb within layouts/application (0.4ms)
Completed 500 Internal Server Error in 128ms (ActiveRecord: 0.0ms)


  
SyntaxError (/vagrant/juhati/app/views/layouts/application.html.erb:15: syntax error, unexpected '='
..._to "VISSEL", root_path, class="vissel" );@output_buffer.saf...
...                              ^):
  
app/views/layouts/application.html.erb:15: syntax error, unexpected '='
Started GET "/" for 10.0.2.2 at 2019-08-20 04:48:37 +0000
Cannot render console from 10.0.2.2! Allowed networks: 127.0.0.1, ::1, 127.0.0.0/127.255.255.255
Processing by HomesController#top as HTML
  Rendering homes/top.html.erb within layouts/application
  Rendered homes/top.html.erb within layouts/application (0.7ms)
Completed 200 OK in 676ms (Views: 654.5ms | ActiveRecord: 0.0ms)


Started GET "/" for 10.0.2.2 at 2019-08-20 04:49:06 +0000
Cannot render console from 10.0.2.2! Allowed networks: 127.0.0.1, ::1, 127.0.0.0/127.255.255.255
Processing by HomesController#top as HTML
  Rendering homes/top.html.erb within layouts/application
  Rendered homes/top.html.erb within layouts/application (0.9ms)
Completed 200 OK in 833ms (Views: 793.0ms | ActiveRecord: 0.0ms)


Started GET "/" for 10.0.2.2 at 2019-08-20 04:49:30 +0000
Cannot render console from 10.0.2.2! Allowed networks: 127.0.0.1, ::1, 127.0.0.0/127.255.255.255
Processing by HomesController#top as HTML
  Rendering homes/top.html.erb within layouts/application
  Rendered homes/top.html.erb within layouts/application (0.5ms)
Completed 200 OK in 595ms (Views: 564.0ms | ActiveRecord: 0.0ms)


Started GET "/" for 10.0.2.2 at 2019-08-20 04:49:48 +0000
Cannot render console from 10.0.2.2! Allowed networks: 127.0.0.1, ::1, 127.0.0.0/127.255.255.255
Processing by HomesController#top as HTML
  Rendering homes/top.html.erb within layouts/application
  Rendered homes/top.html.erb within layouts/application (0.9ms)
Completed 200 OK in 757ms (Views: 728.6ms | ActiveRecord: 0.0ms)


Started GET "/" for 10.0.2.2 at 2019-08-20 04:50:16 +0000
Cannot render console from 10.0.2.2! Allowed networks: 127.0.0.1, ::1, 127.0.0.0/127.255.255.255
Processing by HomesController#top as HTML
  Rendering homes/top.html.erb within layouts/application
  Rendered homes/top.html.erb within layouts/application (0.6ms)
Completed 200 OK in 738ms (Views: 702.4ms | ActiveRecord: 0.0ms)


Started GET "/" for 10.0.2.2 at 2019-08-20 04:52:00 +0000
Cannot render console from 10.0.2.2! Allowed networks: 127.0.0.1, ::1, 127.0.0.0/127.255.255.255
Processing by HomesController#top as HTML
  Rendering homes/top.html.erb within layouts/application
  Rendered homes/top.html.erb within layouts/application (0.5ms)
Completed 200 OK in 642ms (Views: 607.6ms | ActiveRecord: 0.0ms)


Started GET "/" for 10.0.2.2 at 2019-08-20 04:53:00 +0000
Cannot render console from 10.0.2.2! Allowed networks: 127.0.0.1, ::1, 127.0.0.0/127.255.255.255
Processing by HomesController#top as HTML
  Rendering homes/top.html.erb within layouts/application
  Rendered homes/top.html.erb within layouts/application (0.3ms)
Completed 200 OK in 665ms (Views: 628.6ms | ActiveRecord: 0.0ms)


Started GET "/" for 10.0.2.2 at 2019-08-20 04:56:08 +0000
Cannot render console from 10.0.2.2! Allowed networks: 127.0.0.1, ::1, 127.0.0.0/127.255.255.255
Processing by HomesController#top as HTML
  Rendering homes/top.html.erb within layouts/application
  Rendered homes/top.html.erb within layouts/application (0.4ms)
Completed 200 OK in 687ms (Views: 659.0ms | ActiveRecord: 0.0ms)


Started GET "/" for 10.0.2.2 at 2019-08-20 04:56:11 +0000
Cannot render console from 10.0.2.2! Allowed networks: 127.0.0.1, ::1, 127.0.0.0/127.255.255.255
Processing by HomesController#top as HTML
  Rendering homes/top.html.erb within layouts/application
  Rendered homes/top.html.erb within layouts/application (0.5ms)
Completed 200 OK in 483ms (Views: 465.1ms | ActiveRecord: 0.0ms)


Started GET "/books/" for 10.0.2.2 at 2019-08-20 05:04:51 +0000
Cannot render console from 10.0.2.2! Allowed networks: 127.0.0.1, ::1, 127.0.0.0/127.255.255.255
  [1m[35m (2.6ms)[0m  [1m[34mSELECT "schema_migrations"."version" FROM "schema_migrations" ORDER BY "schema_migrations"."version" ASC[0m
  ↳ /var/lib/gems/2.5.0/gems/activerecord-5.2.3/lib/active_record/log_subscriber.rb:98
  
ActionController::RoutingError (No route matches [GET] "/books"):
  
actionpack (5.2.3) lib/action_dispatch/middleware/debug_exceptions.rb:65:in `call'
web-console (3.7.0) lib/web_console/middleware.rb:135:in `call_app'
web-console (3.7.0) lib/web_console/middleware.rb:22:in `block in call'
web-console (3.7.0) lib/web_console/middleware.rb:20:in `catch'
web-console (3.7.0) lib/web_console/middleware.rb:20:in `call'
actionpack (5.2.3) lib/action_dispatch/middleware/show_exceptions.rb:33:in `call'
railties (5.2.3) lib/rails/rack/logger.rb:38:in `call_app'
railties (5.2.3) lib/rails/rack/logger.rb:26:in `block in call'
activesupport (5.2.3) lib/active_support/tagged_logging.rb:71:in `block in tagged'
activesupport (5.2.3) lib/active_support/tagged_logging.rb:28:in `tagged'
activesupport (5.2.3) lib/active_support/tagged_logging.rb:71:in `tagged'
railties (5.2.3) lib/rails/rack/logger.rb:26:in `call'
sprockets-rails (3.2.1) lib/sprockets/rails/quiet_assets.rb:13:in `call'
actionpack (5.2.3) lib/action_dispatch/middleware/remote_ip.rb:81:in `call'
actionpack (5.2.3) lib/action_dispatch/middleware/request_id.rb:27:in `call'
rack (2.0.7) lib/rack/method_override.rb:22:in `call'
rack (2.0.7) lib/rack/runtime.rb:22:in `call'
activesupport (5.2.3) lib/active_support/cache/strategy/local_cache_middleware.rb:29:in `call'
actionpack (5.2.3) lib/action_dispatch/middleware/executor.rb:14:in `call'
actionpack (5.2.3) lib/action_dispatch/middleware/static.rb:127:in `call'
rack (2.0.7) lib/rack/sendfile.rb:111:in `call'
railties (5.2.3) lib/rails/engine.rb:524:in `call'
puma (3.12.1) lib/puma/configuration.rb:227:in `call'
puma (3.12.1) lib/puma/server.rb:660:in `handle_request'
puma (3.12.1) lib/puma/server.rb:474:in `process_client'
puma (3.12.1) lib/puma/server.rb:334:in `block in run'
puma (3.12.1) lib/puma/thread_pool.rb:135:in `block in spawn_thread'
Started GET "/" for 10.0.2.2 at 2019-08-20 05:04:59 +0000
Cannot render console from 10.0.2.2! Allowed networks: 127.0.0.1, ::1, 127.0.0.0/127.255.255.255
Processing by HomesController#top as HTML
  Rendering homes/top.html.erb within layouts/application
  Rendered homes/top.html.erb within layouts/application (0.4ms)
Completed 200 OK in 3820ms (Views: 3801.1ms | ActiveRecord: 0.0ms)


Started GET "/" for 10.0.2.2 at 2019-08-20 05:05:09 +0000
Cannot render console from 10.0.2.2! Allowed networks: 127.0.0.1, ::1, 127.0.0.0/127.255.255.255
Processing by HomesController#top as HTML
  Rendering homes/top.html.erb within layouts/application
  Rendered homes/top.html.erb within layouts/application (0.5ms)
Completed 200 OK in 420ms (Views: 394.7ms | ActiveRecord: 0.0ms)


Started GET "/" for 10.0.2.2 at 2019-08-20 05:05:10 +0000
Cannot render console from 10.0.2.2! Allowed networks: 127.0.0.1, ::1, 127.0.0.0/127.255.255.255
Processing by HomesController#top as HTML
  Rendering homes/top.html.erb within layouts/application
  Rendered homes/top.html.erb within layouts/application (0.5ms)
Completed 200 OK in 395ms (Views: 361.9ms | ActiveRecord: 0.0ms)


Started GET "/" for 10.0.2.2 at 2019-08-20 05:05:43 +0000
Cannot render console from 10.0.2.2! Allowed networks: 127.0.0.1, ::1, 127.0.0.0/127.255.255.255
Processing by HomesController#top as HTML
  Rendering homes/top.html.erb within layouts/application
  Rendered homes/top.html.erb within layouts/application (0.4ms)
Completed 200 OK in 648ms (Views: 619.8ms | ActiveRecord: 0.0ms)


Started GET "/" for 10.0.2.2 at 2019-08-20 05:06:43 +0000
Cannot render console from 10.0.2.2! Allowed networks: 127.0.0.1, ::1, 127.0.0.0/127.255.255.255
Processing by HomesController#top as HTML
  Rendering homes/top.html.erb within layouts/application
  Rendered homes/top.html.erb within layouts/application (0.9ms)
Completed 200 OK in 819ms (Views: 771.1ms | ActiveRecord: 0.0ms)


Started GET "/" for 10.0.2.2 at 2019-08-20 05:07:15 +0000
Cannot render console from 10.0.2.2! Allowed networks: 127.0.0.1, ::1, 127.0.0.0/127.255.255.255
Processing by HomesController#top as HTML
  Rendering homes/top.html.erb within layouts/application
  Rendered homes/top.html.erb within layouts/application (0.4ms)
Completed 200 OK in 819ms (Views: 780.5ms | ActiveRecord: 0.0ms)


Started GET "/books" for 10.0.2.2 at 2019-08-20 06:30:25 +0000
Cannot render console from 10.0.2.2! Allowed networks: 127.0.0.1, ::1, 127.0.0.0/127.255.255.255
  [1m[35m (3.0ms)[0m  [1m[34mSELECT "schema_migrations"."version" FROM "schema_migrations" ORDER BY "schema_migrations"."version" ASC[0m
  ↳ /var/lib/gems/2.5.0/gems/activerecord-5.2.3/lib/active_record/log_subscriber.rb:98
  
ActionController::RoutingError (No route matches [GET] "/books"):
  
actionpack (5.2.3) lib/action_dispatch/middleware/debug_exceptions.rb:65:in `call'
web-console (3.7.0) lib/web_console/middleware.rb:135:in `call_app'
web-console (3.7.0) lib/web_console/middleware.rb:22:in `block in call'
web-console (3.7.0) lib/web_console/middleware.rb:20:in `catch'
web-console (3.7.0) lib/web_console/middleware.rb:20:in `call'
actionpack (5.2.3) lib/action_dispatch/middleware/show_exceptions.rb:33:in `call'
railties (5.2.3) lib/rails/rack/logger.rb:38:in `call_app'
railties (5.2.3) lib/rails/rack/logger.rb:26:in `block in call'
activesupport (5.2.3) lib/active_support/tagged_logging.rb:71:in `block in tagged'
activesupport (5.2.3) lib/active_support/tagged_logging.rb:28:in `tagged'
activesupport (5.2.3) lib/active_support/tagged_logging.rb:71:in `tagged'
railties (5.2.3) lib/rails/rack/logger.rb:26:in `call'
sprockets-rails (3.2.1) lib/sprockets/rails/quiet_assets.rb:13:in `call'
actionpack (5.2.3) lib/action_dispatch/middleware/remote_ip.rb:81:in `call'
actionpack (5.2.3) lib/action_dispatch/middleware/request_id.rb:27:in `call'
rack (2.0.7) lib/rack/method_override.rb:22:in `call'
rack (2.0.7) lib/rack/runtime.rb:22:in `call'
activesupport (5.2.3) lib/active_support/cache/strategy/local_cache_middleware.rb:29:in `call'
actionpack (5.2.3) lib/action_dispatch/middleware/executor.rb:14:in `call'
actionpack (5.2.3) lib/action_dispatch/middleware/static.rb:127:in `call'
rack (2.0.7) lib/rack/sendfile.rb:111:in `call'
railties (5.2.3) lib/rails/engine.rb:524:in `call'
puma (3.12.1) lib/puma/configuration.rb:227:in `call'
puma (3.12.1) lib/puma/server.rb:660:in `handle_request'
puma (3.12.1) lib/puma/server.rb:474:in `process_client'
puma (3.12.1) lib/puma/server.rb:334:in `block in run'
puma (3.12.1) lib/puma/thread_pool.rb:135:in `block in spawn_thread'
Started GET "/" for 10.0.2.2 at 2019-08-20 06:30:30 +0000
Cannot render console from 10.0.2.2! Allowed networks: 127.0.0.1, ::1, 127.0.0.0/127.255.255.255
Processing by HomesController#top as HTML
  Rendering homes/top.html.erb within layouts/application
  Rendered homes/top.html.erb within layouts/application (0.5ms)
Completed 200 OK in 3398ms (Views: 3367.4ms | ActiveRecord: 0.0ms)


Started GET "/" for 10.0.2.2 at 2019-08-20 06:32:32 +0000
Cannot render console from 10.0.2.2! Allowed networks: 127.0.0.1, ::1, 127.0.0.0/127.255.255.255
Processing by HomesController#top as HTML
  Rendering homes/top.html.erb within layouts/application
  Rendered homes/top.html.erb within layouts/application (0.5ms)
Completed 200 OK in 566ms (Views: 537.7ms | ActiveRecord: 0.0ms)


Started GET "/" for 10.0.2.2 at 2019-08-20 06:36:59 +0000
Cannot render console from 10.0.2.2! Allowed networks: 127.0.0.1, ::1, 127.0.0.0/127.255.255.255
  [1m[35m (3.5ms)[0m  [1m[34mSELECT "schema_migrations"."version" FROM "schema_migrations" ORDER BY "schema_migrations"."version" ASC[0m
  ↳ /var/lib/gems/2.5.0/gems/activerecord-5.2.3/lib/active_record/log_subscriber.rb:98
Processing by HomesController#top as HTML
  Rendering homes/top.html.erb within layouts/application
  Rendered homes/top.html.erb within layouts/application (0.8ms)
Completed 200 OK in 3337ms (Views: 3296.9ms | ActiveRecord: 0.0ms)


Started GET "/" for 10.0.2.2 at 2019-08-20 06:37:45 +0000
Cannot render console from 10.0.2.2! Allowed networks: 127.0.0.1, ::1, 127.0.0.0/127.255.255.255
Processing by HomesController#top as HTML
  Rendering homes/top.html.erb within layouts/application
  Rendered homes/top.html.erb within layouts/application (0.9ms)
Completed 200 OK in 881ms (Views: 841.3ms | ActiveRecord: 0.0ms)


Started GET "/" for 10.0.2.2 at 2019-08-20 06:38:07 +0000
Cannot render console from 10.0.2.2! Allowed networks: 127.0.0.1, ::1, 127.0.0.0/127.255.255.255
Processing by HomesController#top as HTML
  Rendering homes/top.html.erb within layouts/application
  Rendered homes/top.html.erb within layouts/application (0.4ms)
Completed 200 OK in 537ms (Views: 508.4ms | ActiveRecord: 0.0ms)


Started GET "/" for 10.0.2.2 at 2019-08-20 06:38:32 +0000
Cannot render console from 10.0.2.2! Allowed networks: 127.0.0.1, ::1, 127.0.0.0/127.255.255.255
Processing by HomesController#top as HTML
  Rendering homes/top.html.erb within layouts/application
  Rendered homes/top.html.erb within layouts/application (0.3ms)
Completed 200 OK in 690ms (Views: 660.9ms | ActiveRecord: 0.0ms)


Started GET "/" for 10.0.2.2 at 2019-08-20 06:47:06 +0000
Cannot render console from 10.0.2.2! Allowed networks: 127.0.0.1, ::1, 127.0.0.0/127.255.255.255
  [1m[35m (2.2ms)[0m  [1m[34mSELECT "schema_migrations"."version" FROM "schema_migrations" ORDER BY "schema_migrations"."version" ASC[0m
  ↳ /var/lib/gems/2.5.0/gems/activerecord-5.2.3/lib/active_record/log_subscriber.rb:98
Processing by HomesController#top as HTML
  Rendering homes/top.html.erb within layouts/application
  Rendered homes/top.html.erb within layouts/application (1.3ms)
Completed 200 OK in 3316ms (Views: 3277.3ms | ActiveRecord: 0.0ms)


Started GET "/" for 10.0.2.2 at 2019-08-20 06:49:01 +0000
Cannot render console from 10.0.2.2! Allowed networks: 127.0.0.1, ::1, 127.0.0.0/127.255.255.255
Processing by HomesController#top as HTML
  Rendering homes/top.html.erb within layouts/application
  Rendered homes/top.html.erb within layouts/application (0.4ms)
Completed 200 OK in 717ms (Views: 675.9ms | ActiveRecord: 0.0ms)


Started GET "/" for 10.0.2.2 at 2019-08-20 06:49:52 +0000
Cannot render console from 10.0.2.2! Allowed networks: 127.0.0.1, ::1, 127.0.0.0/127.255.255.255
Processing by HomesController#top as HTML
  Rendering homes/top.html.erb within layouts/application
  Rendered homes/top.html.erb within layouts/application (0.4ms)
Completed 200 OK in 747ms (Views: 706.9ms | ActiveRecord: 0.0ms)


Started GET "/" for 10.0.2.2 at 2019-08-20 06:50:47 +0000
Cannot render console from 10.0.2.2! Allowed networks: 127.0.0.1, ::1, 127.0.0.0/127.255.255.255
Processing by HomesController#top as HTML
  Rendering homes/top.html.erb within layouts/application
  Rendered homes/top.html.erb within layouts/application (0.4ms)
Completed 200 OK in 847ms (Views: 808.2ms | ActiveRecord: 0.0ms)


Started GET "/" for 10.0.2.2 at 2019-08-20 06:51:22 +0000
Cannot render console from 10.0.2.2! Allowed networks: 127.0.0.1, ::1, 127.0.0.0/127.255.255.255
Processing by HomesController#top as HTML
  Rendering homes/top.html.erb within layouts/application
  Rendered homes/top.html.erb within layouts/application (0.5ms)
Completed 200 OK in 728ms (Views: 694.4ms | ActiveRecord: 0.0ms)


Started GET "/" for 10.0.2.2 at 2019-08-20 06:51:33 +0000
Cannot render console from 10.0.2.2! Allowed networks: 127.0.0.1, ::1, 127.0.0.0/127.255.255.255
Processing by HomesController#top as HTML
  Rendering homes/top.html.erb within layouts/application
  Rendered homes/top.html.erb within layouts/application (0.5ms)
Completed 200 OK in 740ms (Views: 695.2ms | ActiveRecord: 0.0ms)


Started GET "/users/7" for 10.0.2.2 at 2019-08-20 07:15:56 +0000
Cannot render console from 10.0.2.2! Allowed networks: 127.0.0.1, ::1, 127.0.0.0/127.255.255.255
  [1m[35m (3.6ms)[0m  [1m[34mSELECT "schema_migrations"."version" FROM "schema_migrations" ORDER BY "schema_migrations"."version" ASC[0m
  ↳ /var/lib/gems/2.5.0/gems/activerecord-5.2.3/lib/active_record/log_subscriber.rb:98
Processing by UsersController#show as HTML
  Parameters: {"id"=>"7"}
  [1m[36mUser Load (2.2ms)[0m  [1m[34mSELECT  "users".* FROM "users" WHERE "users"."id" = ? LIMIT ?[0m  [["id", 7], ["LIMIT", 1]]
  ↳ app/controllers/users_controller.rb:7
Completed 404 Not Found in 33ms (ActiveRecord: 14.7ms)


  
ActiveRecord::RecordNotFound (Couldn't find User with 'id'=7):
  
app/controllers/users_controller.rb:7:in `show'
Started GET "/" for 10.0.2.2 at 2019-08-20 07:16:04 +0000
Cannot render console from 10.0.2.2! Allowed networks: 127.0.0.1, ::1, 127.0.0.0/127.255.255.255
Processing by HomesController#top as HTML
  Rendering homes/top.html.erb within layouts/application
  Rendered homes/top.html.erb within layouts/application (0.8ms)
Completed 200 OK in 3448ms (Views: 3400.2ms | ActiveRecord: 0.0ms)


Started GET "/users" for 10.0.2.2 at 2019-08-20 07:16:24 +0000
Cannot render console from 10.0.2.2! Allowed networks: 127.0.0.1, ::1, 127.0.0.0/127.255.255.255
Processing by UsersController#index as HTML
  Rendering users/index.html.erb within layouts/application
  Rendered users/index.html.erb within layouts/application (0.3ms)
Completed 200 OK in 550ms (Views: 495.5ms | ActiveRecord: 0.0ms)


Started GET "/" for 10.0.2.2 at 2019-08-20 07:16:32 +0000
Cannot render console from 10.0.2.2! Allowed networks: 127.0.0.1, ::1, 127.0.0.0/127.255.255.255
Processing by HomesController#top as HTML
  Rendering homes/top.html.erb within layouts/application
  Rendered homes/top.html.erb within layouts/application (0.3ms)
Completed 200 OK in 543ms (Views: 498.7ms | ActiveRecord: 0.0ms)


Started GET "/" for 10.0.2.2 at 2019-08-20 07:22:40 +0000
Cannot render console from 10.0.2.2! Allowed networks: 127.0.0.1, ::1, 127.0.0.0/127.255.255.255
  [1m[35m (2.4ms)[0m  [1m[34mSELECT "schema_migrations"."version" FROM "schema_migrations" ORDER BY "schema_migrations"."version" ASC[0m
  ↳ /var/lib/gems/2.5.0/gems/activerecord-5.2.3/lib/active_record/log_subscriber.rb:98
Processing by HomesController#top as HTML
  Rendering homes/top.html.erb within layouts/application
  Rendered homes/top.html.erb within layouts/application (0.7ms)
Completed 200 OK in 3251ms (Views: 3209.9ms | ActiveRecord: 0.0ms)


Started GET "/" for 10.0.2.2 at 2019-08-20 07:24:25 +0000
Cannot render console from 10.0.2.2! Allowed networks: 127.0.0.1, ::1, 127.0.0.0/127.255.255.255
Processing by HomesController#top as HTML
  Rendering homes/top.html.erb within layouts/application
  Rendered homes/top.html.erb within layouts/application (0.9ms)
Completed 200 OK in 619ms (Views: 589.4ms | ActiveRecord: 0.0ms)


Started GET "/" for 10.0.2.2 at 2019-08-20 08:38:24 +0000
Cannot render console from 10.0.2.2! Allowed networks: 127.0.0.1, ::1, 127.0.0.0/127.255.255.255
  [1m[35m (3.5ms)[0m  [1m[34mSELECT "schema_migrations"."version" FROM "schema_migrations" ORDER BY "schema_migrations"."version" ASC[0m
  ↳ /var/lib/gems/2.5.0/gems/activerecord-5.2.3/lib/active_record/log_subscriber.rb:98
  
SyntaxError (/vagrant/juhati/app/controllers/application_controller.rb:2: syntax error, unexpected '(', expecting ';' or '\n'
  def after_sign_in path_for(resource)
                            ^
/vagrant/juhati/app/controllers/application_controller.rb:9: syntax error, unexpected keyword_end, expecting end-of-input):
  
app/controllers/application_controller.rb:2: syntax error, unexpected '(', expecting ';' or '\n'
app/controllers/application_controller.rb:9: syntax error, unexpected keyword_end, expecting end-of-input
app/controllers/homes_controller.rb:1:in `<top (required)>'
Started GET "/" for 10.0.2.2 at 2019-08-20 08:39:32 +0000
Cannot render console from 10.0.2.2! Allowed networks: 127.0.0.1, ::1, 127.0.0.0/127.255.255.255
  [1m[35m (4.2ms)[0m  [1m[34mSELECT "schema_migrations"."version" FROM "schema_migrations" ORDER BY "schema_migrations"."version" ASC[0m
  ↳ /var/lib/gems/2.5.0/gems/activerecord-5.2.3/lib/active_record/log_subscriber.rb:98
Processing by HomesController#top as HTML
  Rendering homes/top.html.erb within layouts/application
  Rendered homes/top.html.erb within layouts/application (1.4ms)
Completed 200 OK in 3120ms (Views: 3074.7ms | ActiveRecord: 0.0ms)


Started GET "/users/sign_up" for 10.0.2.2 at 2019-08-20 08:39:40 +0000
Cannot render console from 10.0.2.2! Allowed networks: 127.0.0.1, ::1, 127.0.0.0/127.255.255.255
Processing by Devise::RegistrationsController#new as HTML
  Rendering devise/registrations/new.html.erb within layouts/application
  Rendered devise/shared/_links.html.erb (1.2ms)
  Rendered devise/registrations/new.html.erb within layouts/application (63.7ms)
Completed 200 OK in 498ms (Views: 449.4ms | ActiveRecord: 9.6ms)


Started GET "/" for 10.0.2.2 at 2019-08-20 08:39:48 +0000
Cannot render console from 10.0.2.2! Allowed networks: 127.0.0.1, ::1, 127.0.0.0/127.255.255.255
Processing by HomesController#top as HTML
  Rendering homes/top.html.erb within layouts/application
  Rendered homes/top.html.erb within layouts/application (0.4ms)
Completed 200 OK in 398ms (Views: 359.0ms | ActiveRecord: 0.0ms)


Started GET "/users/sign_up" for 10.0.2.2 at 2019-08-20 08:46:55 +0000
Cannot render console from 10.0.2.2! Allowed networks: 127.0.0.1, ::1, 127.0.0.0/127.255.255.255
  [1m[35m (2.2ms)[0m  [1m[34mSELECT "schema_migrations"."version" FROM "schema_migrations" ORDER BY "schema_migrations"."version" ASC[0m
  ↳ /var/lib/gems/2.5.0/gems/activerecord-5.2.3/lib/active_record/log_subscriber.rb:98
Processing by Devise::RegistrationsController#new as HTML
  Rendering devise/registrations/new.html.erb within layouts/application
  Rendered devise/shared/_links.html.erb (1.1ms)
  Rendered devise/registrations/new.html.erb within layouts/application (58.7ms)
Completed 200 OK in 1904ms (Views: 1861.5ms | ActiveRecord: 9.2ms)


Started POST "/users" for 10.0.2.2 at 2019-08-20 08:47:17 +0000
Cannot render console from 10.0.2.2! Allowed networks: 127.0.0.1, ::1, 127.0.0.0/127.255.255.255
Processing by Devise::RegistrationsController#create as HTML
  Parameters: {"utf8"=>"✓", "authenticity_token"=>"xKwRhkQ+Ij9kkQMSE5vL2dIJwooaDSPuTaFmmSkmwuwyc97TLUB1e/8/msqvHNtVgWJsgEoGWz5XyRebn6H9hw==", "user"=>{"email"=>"tesin@tesin", "password"=>"[FILTERED]", "password_confirmation"=>"[FILTERED]"}, "commit"=>"Sign up"}
  [1m[35m (0.1ms)[0m  [1m[36mbegin transaction[0m
  ↳ /var/lib/gems/2.5.0/gems/activerecord-5.2.3/lib/active_record/log_subscriber.rb:98
  [1m[36mUser Exists (3.7ms)[0m  [1m[34mSELECT  1 AS one FROM "users" WHERE "users"."email" = ? LIMIT ?[0m  [["email", "tesin@tesin"], ["LIMIT", 1]]
  ↳ /var/lib/gems/2.5.0/gems/activerecord-5.2.3/lib/active_record/log_subscriber.rb:98
  [1m[36mCACHE User Exists (0.0ms)[0m  [1m[34mSELECT  1 AS one FROM "users" WHERE "users"."email" = ? LIMIT ?[0m  [["email", "tesin@tesin"], ["LIMIT", 1]]
  ↳ /var/lib/gems/2.5.0/gems/activerecord-5.2.3/lib/active_record/log_subscriber.rb:98
  [1m[35m (0.1ms)[0m  [1m[31mrollback transaction[0m
  ↳ /var/lib/gems/2.5.0/gems/activerecord-5.2.3/lib/active_record/log_subscriber.rb:98
  Rendering devise/registrations/new.html.erb within layouts/application
  Rendered devise/shared/_links.html.erb (2.2ms)
  Rendered devise/registrations/new.html.erb within layouts/application (46.8ms)
Completed 200 OK in 862ms (Views: 578.3ms | ActiveRecord: 3.9ms)


Started GET "/users" for 10.0.2.2 at 2019-08-20 08:48:05 +0000
Cannot render console from 10.0.2.2! Allowed networks: 127.0.0.1, ::1, 127.0.0.0/127.255.255.255
  [1m[35m (1.8ms)[0m  [1m[34mSELECT "schema_migrations"."version" FROM "schema_migrations" ORDER BY "schema_migrations"."version" ASC[0m
  ↳ /var/lib/gems/2.5.0/gems/activerecord-5.2.3/lib/active_record/log_subscriber.rb:98
Processing by UsersController#index as HTML
  Rendering users/index.html.erb within layouts/application
  Rendered users/index.html.erb within layouts/application (0.7ms)
Completed 200 OK in 1642ms (Views: 1602.2ms | ActiveRecord: 0.0ms)


Started GET "/users" for 10.0.2.2 at 2019-08-20 08:48:14 +0000
Cannot render console from 10.0.2.2! Allowed networks: 127.0.0.1, ::1, 127.0.0.0/127.255.255.255
Processing by UsersController#index as HTML
  Rendering users/index.html.erb within layouts/application
  Rendered users/index.html.erb within layouts/application (0.5ms)
Completed 200 OK in 541ms (Views: 507.9ms | ActiveRecord: 0.0ms)


Started GET "/" for 10.0.2.2 at 2019-08-20 08:48:18 +0000
Cannot render console from 10.0.2.2! Allowed networks: 127.0.0.1, ::1, 127.0.0.0/127.255.255.255
Processing by HomesController#top as HTML
  Rendering homes/top.html.erb within layouts/application
  Rendered homes/top.html.erb within layouts/application (0.5ms)
Completed 200 OK in 569ms (Views: 526.9ms | ActiveRecord: 0.0ms)


Started GET "/users/sign_up" for 10.0.2.2 at 2019-08-20 08:48:22 +0000
Cannot render console from 10.0.2.2! Allowed networks: 127.0.0.1, ::1, 127.0.0.0/127.255.255.255
Processing by Devise::RegistrationsController#new as HTML
  Rendering devise/registrations/new.html.erb within layouts/application
  Rendered devise/shared/_links.html.erb (1.1ms)
  Rendered devise/registrations/new.html.erb within layouts/application (67.5ms)
Completed 200 OK in 585ms (Views: 558.6ms | ActiveRecord: 8.3ms)


Started POST "/users" for 10.0.2.2 at 2019-08-20 08:48:34 +0000
Cannot render console from 10.0.2.2! Allowed networks: 127.0.0.1, ::1, 127.0.0.0/127.255.255.255
Processing by Devise::RegistrationsController#create as HTML
  Parameters: {"utf8"=>"✓", "authenticity_token"=>"a3hskqjtmX2wN461oOQcGO4s7/58gd8LSNw8SLLdFWidp6PHwZPOOSuZF20cYwyUvUdB9CyKp9tStE1KBFoqAw==", "user"=>{"email"=>"tesin@0921", "password"=>"[FILTERED]", "password_confirmation"=>"[FILTERED]"}, "commit"=>"Sign up"}
  [1m[35m (0.1ms)[0m  [1m[36mbegin transaction[0m
  ↳ /var/lib/gems/2.5.0/gems/activerecord-5.2.3/lib/active_record/log_subscriber.rb:98
  [1m[36mUser Exists (2.6ms)[0m  [1m[34mSELECT  1 AS one FROM "users" WHERE "users"."email" = ? LIMIT ?[0m  [["email", "tesin@0921"], ["LIMIT", 1]]
  ↳ /var/lib/gems/2.5.0/gems/activerecord-5.2.3/lib/active_record/log_subscriber.rb:98
  [1m[36mCACHE User Exists (0.0ms)[0m  [1m[34mSELECT  1 AS one FROM "users" WHERE "users"."email" = ? LIMIT ?[0m  [["email", "tesin@0921"], ["LIMIT", 1]]
  ↳ /var/lib/gems/2.5.0/gems/activerecord-5.2.3/lib/active_record/log_subscriber.rb:98
  [1m[35m (0.4ms)[0m  [1m[31mrollback transaction[0m
  ↳ /var/lib/gems/2.5.0/gems/activerecord-5.2.3/lib/active_record/log_subscriber.rb:98
  Rendering devise/registrations/new.html.erb within layouts/application
  Rendered devise/shared/_links.html.erb (2.2ms)
  Rendered devise/registrations/new.html.erb within layouts/application (41.3ms)
Completed 200 OK in 813ms (Views: 552.7ms | ActiveRecord: 3.1ms)


